<?xml version="1.0" encoding="UTF-8" standalone="yes"?><!DOCTYPE report PUBLIC "-//JACOCO//DTD Report 1.1//EN" "report.dtd"><report name="handistCollections"><sessioninfo id="piccolo00-7df2902b" start="1634349134544" dump="1634349138173"/><sessioninfo id="piccolo08-14e3832e" start="1634349164725" dump="1634349179543"/><sessioninfo id="piccolo00-edcbafc4" start="1634349164720" dump="1634349180539"/><sessioninfo id="piccolo09-df80eadc" start="1634349164726" dump="1634349182564"/><sessioninfo id="piccolo01-f0b277a8" start="1634349164725" dump="1634349186597"/><sessioninfo id="piccolo09-d0e54f62" start="1634349187748" dump="1634349195744"/><sessioninfo id="piccolo08-9b52732e" start="1634349187756" dump="1634349196764"/><sessioninfo id="piccolo00-e531ba5c" start="1634349187759" dump="1634349198780"/><sessioninfo id="piccolo01-b1bbf7e" start="1634349187752" dump="1634349202981"/><sessioninfo id="piccolo08-7fe1440f" start="1634349204188" dump="1634349213742"/><sessioninfo id="piccolo00-149ea6fd" start="1634349204178" dump="1634349214747"/><sessioninfo id="piccolo09-3b25826e" start="1634349204185" dump="1634349216772"/><sessioninfo id="piccolo01-88977858" start="1634349204184" dump="1634349220901"/><sessioninfo id="piccolo09-d6df048" start="1634349222043" dump="1634349233370"/><sessioninfo id="piccolo01-fd12c5f8" start="1634349222044" dump="1634349234373"/><sessioninfo id="piccolo08-c2ba77d0" start="1634349222045" dump="1634349236413"/><sessioninfo id="piccolo00-f54c55b" start="1634349222033" dump="1634349240476"/><sessioninfo id="piccolo09-1c067b92" start="1634349241725" dump="1634349252549"/><sessioninfo id="piccolo08-d54af15d" start="1634349241724" dump="1634349253564"/><sessioninfo id="piccolo00-586268f2" start="1634349241698" dump="1634349255580"/><sessioninfo id="piccolo01-61b889e7" start="1634349241721" dump="1634349259813"/><sessioninfo id="piccolo09-f4f58c83" start="1634349260956" dump="1634349270233"/><sessioninfo id="piccolo01-a9301449" start="1634349260960" dump="1634349271237"/><sessioninfo id="piccolo08-b4d00420" start="1634349260968" dump="1634349273276"/><sessioninfo id="piccolo00-3709aec9" start="1634349260972" dump="1634349277340"/><sessioninfo id="piccolo01-dcfa861f" start="1634349278462" dump="1634349286095"/><sessioninfo id="piccolo08-4a387164" start="1634349278465" dump="1634349287100"/><sessioninfo id="piccolo00-31df115d" start="1634349278462" dump="1634349289116"/><sessioninfo id="piccolo09-b9dd1e6d" start="1634349278469" dump="1634349293188"/><sessioninfo id="piccolo08-81858b25" start="1634349294353" dump="1634349303293"/><sessioninfo id="piccolo00-89914c84" start="1634349294340" dump="1634349304316"/><sessioninfo id="piccolo09-da135d7e" start="1634349294346" dump="1634349306340"/><sessioninfo id="piccolo01-de566f39" start="1634349294352" dump="1634349310501"/><sessioninfo id="piccolo00-b23b3bc3" start="1634349311697" dump="1634349320505"/><sessioninfo id="piccolo08-f72e7117" start="1634349311726" dump="1634349321533"/><sessioninfo id="piccolo09-1230ffb1" start="1634349311727" dump="1634349323557"/><sessioninfo id="piccolo01-c6d41194" start="1634349311729" dump="1634349327653"/><sessioninfo id="piccolo00-7b47244" start="1634349328814" dump="1634349337445"/><sessioninfo id="piccolo01-37ddd261" start="1634349328809" dump="1634349338469"/><sessioninfo id="piccolo09-1026a1c8" start="1634349339631" dump="1634349350281"/><sessioninfo id="piccolo08-2d1cfb98" start="1634349339633" dump="1634349351292"/><sessioninfo id="piccolo00-68d487e2" start="1634349339613" dump="1634349353308"/><sessioninfo id="piccolo01-e73447c7" start="1634349339623" dump="1634349357349"/><sessioninfo id="piccolo01-99eee23e" start="1634349358483" dump="1634349368246"/><sessioninfo id="piccolo09-4e6d4f9c" start="1634349358478" dump="1634349369252"/><sessioninfo id="piccolo08-93a6c27f" start="1634349358478" dump="1634349371292"/><sessioninfo id="piccolo00-987fe848" start="1634349358474" dump="1634349375388"/><sessioninfo id="piccolo09-4cb290d4" start="1634349376625" dump="1634349385809"/><sessioninfo id="piccolo00-91456a86" start="1634349376605" dump="1634349386812"/><sessioninfo id="piccolo01-75f3ea5f" start="1634349376630" dump="1634349388837"/><sessioninfo id="piccolo08-39ca4dec" start="1634349376633" dump="1634349393020"/><sessioninfo id="piccolo00-809df337" start="1634349394144" dump="1634349402878"/><sessioninfo id="piccolo01-1958fba1" start="1634349394131" dump="1634349403909"/><sessioninfo id="piccolo00-33f7a5aa" start="1634349405042" dump="1634349413646"/><sessioninfo id="piccolo01-bb3d0047" start="1634349405046" dump="1634349414661"/><sessioninfo id="piccolo00-cdb23b0e" start="1634349415796" dump="1634349423858"/><sessioninfo id="piccolo09-8c47fb8e" start="1634349415800" dump="1634349424868"/><sessioninfo id="piccolo01-5272cc41" start="1634349415805" dump="1634349426885"/><sessioninfo id="piccolo08-63b10194" start="1634349415804" dump="1634349431164"/><sessioninfo id="piccolo01-845866f0" start="1634349432346" dump="1634349440019"/><sessioninfo id="piccolo00-95e0ea66" start="1634349432343" dump="1634349441020"/><sessioninfo id="piccolo09-b7536b9a" start="1634349432340" dump="1634349443044"/><sessioninfo id="piccolo08-d59e75a8" start="1634349432345" dump="1634349447293"/><sessioninfo id="piccolo00-f95679f6" start="1634349448507" dump="1634349457294"/><sessioninfo id="piccolo01-c0f16a64" start="1634349448533" dump="1634349458309"/><sessioninfo id="piccolo00-a10f616d" start="1634349460591" dump="1634349469552"/><sessioninfo id="piccolo09-b2d0eb6f" start="1634349460606" dump="1634349470564"/><sessioninfo id="piccolo01-b86d6ce3" start="1634349460581" dump="1634349472581"/><sessioninfo id="piccolo08-95a31706" start="1634349460605" dump="1634349476734"/><sessioninfo id="piccolo08-ba5ff0f8" start="1634349477947" dump="1634349485605"/><sessioninfo id="piccolo00-f991fb49" start="1634349477946" dump="1634349486620"/><sessioninfo id="piccolo09-a06d87c0" start="1634349477955" dump="1634349488644"/><sessioninfo id="piccolo01-5bbc4037" start="1634349477952" dump="1634349492773"/><sessioninfo id="piccolo08-1f1b732e" start="1634349493936" dump="1634349500617"/><sessioninfo id="piccolo00-9d113d67" start="1634349493928" dump="1634349501628"/><sessioninfo id="piccolo01-5f5b6f0b" start="1634349493934" dump="1634349503653"/><sessioninfo id="piccolo00-8dfe18df" start="1634349504772" dump="1634349513332"/><sessioninfo id="piccolo01-899aab9" start="1634349504779" dump="1634349514341"/><sessioninfo id="piccolo08-b2884995" start="1634349515573" dump="1634349523669"/><sessioninfo id="piccolo00-6012920" start="1634349515563" dump="1634349524668"/><sessioninfo id="piccolo09-5300cd75" start="1634349515571" dump="1634349526693"/><sessioninfo id="piccolo01-157183d2" start="1634349515589" dump="1634349530919"/><sessioninfo id="piccolo09-df8bf376" start="1634349532126" dump="1634349540405"/><sessioninfo id="piccolo00-d8e2c4f6" start="1634349532116" dump="1634349541404"/><sessioninfo id="piccolo01-39e8b695" start="1634349532106" dump="1634349543429"/><sessioninfo id="piccolo08-18fce464" start="1634349532129" dump="1634349547645"/><sessioninfo id="piccolo01-1552675b" start="1634349548857" dump="1634349559018"/><sessioninfo id="piccolo00-4d36b2ba" start="1634349548851" dump="1634349560028"/><sessioninfo id="piccolo00-46261ad5" start="1634349561242" dump="1634349569096"/><sessioninfo id="piccolo08-35931ad7" start="1634349561255" dump="1634349570108"/><sessioninfo id="piccolo01-23e31a9b" start="1634349561252" dump="1634349572133"/><sessioninfo id="piccolo00-cbf7ab84" start="1634349573260" dump="1634349582212"/><sessioninfo id="piccolo01-f4da13da" start="1634349573269" dump="1634349583237"/><sessioninfo id="piccolo08-a167c551" start="1634349584472" dump="1634349592281"/><sessioninfo id="piccolo09-34e9523" start="1634349584470" dump="1634349593284"/><sessioninfo id="piccolo01-9ba4893c" start="1634349584490" dump="1634349595301"/><sessioninfo id="piccolo00-5a454a20" start="1634349584460" dump="1634349599390"/><sessioninfo id="piccolo00-3481877f" start="1634349600532" dump="1634349609101"/><sessioninfo id="piccolo01-ea297726" start="1634349600518" dump="1634349610118"/><sessioninfo id="piccolo00-46ea3b42" start="1634349611259" dump="1634349621005"/><sessioninfo id="piccolo09-adee4230" start="1634349611289" dump="1634349622020"/><sessioninfo id="piccolo01-47eb6ed3" start="1634349611265" dump="1634349624037"/><sessioninfo id="piccolo08-e86339" start="1634349611287" dump="1634349628284"/><sessioninfo id="piccolo00-f1b29a02" start="1634349629410" dump="1634349638089"/><sessioninfo id="piccolo01-70b2d73a" start="1634349629416" dump="1634349639109"/><sessioninfo id="piccolo00-94f7228c" start="1634349640248" dump="1634349649356"/><sessioninfo id="piccolo01-e4639770" start="1634349640256" dump="1634349650373"/><sessioninfo id="piccolo00-a5952ec8" start="1634349162982" dump="1634349650721"/><sessioninfo id="piccolo00-468424de" start="1634349796614" dump="1634349799902"/><sessioninfo id="piccolo00-a3f68eff" start="1634350371997" dump="1634350375164"/><sessioninfo id="piccolo00-1c90fabf" start="1634350399228" dump="1634350412942"/><sessioninfo id="piccolo09-37539f6" start="1634350399264" dump="1634350413956"/><sessioninfo id="piccolo01-8348e39e" start="1634350399258" dump="1634350415973"/><sessioninfo id="piccolo08-ec2495bc" start="1634350399265" dump="1634350420092"/><sessioninfo id="piccolo08-c5f30e74" start="1634350421240" dump="1634350429137"/><sessioninfo id="piccolo00-f98599b1" start="1634350421243" dump="1634350430140"/><sessioninfo id="piccolo09-c0243bf0" start="1634350421241" dump="1634350432165"/><sessioninfo id="piccolo01-cfd58be8" start="1634350421247" dump="1634350436390"/><sessioninfo id="piccolo09-e8b3f924" start="1634350437594" dump="1634350446017"/><sessioninfo id="piccolo08-af11cbe0" start="1634350437596" dump="1634350447036"/><sessioninfo id="piccolo00-2ec452e8" start="1634350437581" dump="1634350449052"/><sessioninfo id="piccolo01-637f9fe7" start="1634350437593" dump="1634350453285"/><sessioninfo id="piccolo09-5db277bc" start="1634350454370" dump="1634350464757"/><sessioninfo id="piccolo00-8f12a945" start="1634350454349" dump="1634350465756"/><sessioninfo id="piccolo01-baa0b462" start="1634350454369" dump="1634350467781"/><sessioninfo id="piccolo08-6124efa7" start="1634350454364" dump="1634350472060"/><sessioninfo id="piccolo09-950a2278" start="1634350473272" dump="1634350484549"/><sessioninfo id="piccolo08-2ad6c911" start="1634350473268" dump="1634350485564"/><sessioninfo id="piccolo00-e82d1057" start="1634350473237" dump="1634350487580"/><sessioninfo id="piccolo01-41485d6a" start="1634350473273" dump="1634350491685"/><sessioninfo id="piccolo09-a003387f" start="1634350492840" dump="1634350500890"/><sessioninfo id="piccolo01-a4eff82d" start="1634350492834" dump="1634350501893"/><sessioninfo id="piccolo08-97504fc9" start="1634350492842" dump="1634350503932"/><sessioninfo id="piccolo00-2ea0824d" start="1634350492848" dump="1634350508188"/><sessioninfo id="piccolo01-849e6a19" start="1634350509365" dump="1634350517865"/><sessioninfo id="piccolo08-a78a71bc" start="1634350509371" dump="1634350518876"/><sessioninfo id="piccolo00-e975e61b" start="1634350509360" dump="1634350520892"/><sessioninfo id="piccolo09-ca884479" start="1634350509369" dump="1634350525061"/><sessioninfo id="piccolo00-70bb40b6" start="1634350526151" dump="1634350536036"/><sessioninfo id="piccolo08-7f7b9e23" start="1634350526171" dump="1634350537052"/><sessioninfo id="piccolo09-6bfae2e6" start="1634350526169" dump="1634350539076"/><sessioninfo id="piccolo01-5fe895ae" start="1634350526173" dump="1634350543141"/><sessioninfo id="piccolo09-c08f4309" start="1634350544316" dump="1634350553101"/><sessioninfo id="piccolo08-d1bb403c" start="1634350544316" dump="1634350554108"/><sessioninfo id="piccolo00-2d7ff19a" start="1634350544289" dump="1634350556124"/><sessioninfo id="piccolo01-9ac85112" start="1634350544312" dump="1634350560294"/><sessioninfo id="piccolo00-2b4faa90" start="1634350561374" dump="1634350570048"/><sessioninfo id="piccolo01-35d05af2" start="1634350561365" dump="1634350571109"/><sessioninfo id="piccolo00-c0aeee2c" start="1634350572180" dump="1634350583724"/><sessioninfo id="piccolo09-40297a1f" start="1634350572204" dump="1634350584740"/><sessioninfo id="piccolo01-4547a54e" start="1634350572198" dump="1634350586759"/><sessioninfo id="piccolo08-a2070629" start="1634350572200" dump="1634350590846"/><sessioninfo id="piccolo08-b3a88776" start="1634350592084" dump="1634350601836"/><sessioninfo id="piccolo00-f218234c" start="1634350592078" dump="1634350602844"/><sessioninfo id="piccolo09-d56ae1ee" start="1634350592085" dump="1634350604868"/><sessioninfo id="piccolo01-b62011f9" start="1634350592084" dump="1634350608933"/><sessioninfo id="piccolo09-2a974f41" start="1634350610110" dump="1634350618242"/><sessioninfo id="piccolo08-33643083" start="1634350610103" dump="1634350619260"/><sessioninfo id="piccolo00-158ad0c3" start="1634350610077" dump="1634350621276"/><sessioninfo id="piccolo01-3ff4d018" start="1634350610109" dump="1634350625318"/><sessioninfo id="piccolo01-266f882a" start="1634350626465" dump="1634350635228"/><sessioninfo id="piccolo00-e341ce93" start="1634350626479" dump="1634350636252"/><sessioninfo id="piccolo00-2a42f76e" start="1634350637337" dump="1634350647051"/><sessioninfo id="piccolo01-d2256f8a" start="1634350637343" dump="1634350648069"/><sessioninfo id="piccolo01-ec5e9368" start="1634350649209" dump="1634350658134"/><sessioninfo id="piccolo00-488c973e" start="1634350649210" dump="1634350659132"/><sessioninfo id="piccolo09-c4853d4b" start="1634350649220" dump="1634350661156"/><sessioninfo id="piccolo08-c9943fe0" start="1634350649223" dump="1634350665340"/><sessioninfo id="piccolo09-67e837c5" start="1634350666435" dump="1634350675093"/><sessioninfo id="piccolo00-a0130b92" start="1634350666432" dump="1634350676092"/><sessioninfo id="piccolo01-6a0ac12a" start="1634350666441" dump="1634350678117"/><sessioninfo id="piccolo08-6ca41388" start="1634350666438" dump="1634350682236"/><sessioninfo id="piccolo00-b8a82ecc" start="1634350683382" dump="1634350692241"/><sessioninfo id="piccolo01-2fea526" start="1634350683408" dump="1634350693253"/><sessioninfo id="piccolo08-21d424ec" start="1634350695480" dump="1634350704380"/><sessioninfo id="piccolo00-32b3a65c" start="1634350695471" dump="1634350705404"/><sessioninfo id="piccolo09-1f42c4ee" start="1634350695481" dump="1634350707428"/><sessioninfo id="piccolo01-65e2cffa" start="1634350695455" dump="1634350711591"/><sessioninfo id="piccolo08-2a81752a" start="1634350712755" dump="1634350720498"/><sessioninfo id="piccolo00-aa567c00" start="1634350712745" dump="1634350721500"/><sessioninfo id="piccolo09-4d6d5831" start="1634350712747" dump="1634350723524"/><sessioninfo id="piccolo01-4f6bfb5a" start="1634350712743" dump="1634350727717"/><sessioninfo id="piccolo08-b72d5a7a" start="1634350728777" dump="1634350736304"/><sessioninfo id="piccolo00-d166d4b3" start="1634350728766" dump="1634350737307"/><sessioninfo id="piccolo01-20d39aee" start="1634350728770" dump="1634350739333"/><sessioninfo id="piccolo00-79b9b1e2" start="1634350740382" dump="1634350749135"/><sessioninfo id="piccolo01-a7dbfc03" start="1634350740389" dump="1634350750149"/><sessioninfo id="piccolo08-d2dd0a9f" start="1634350751338" dump="1634350759353"/><sessioninfo id="piccolo09-8caaa746" start="1634350751343" dump="1634350760356"/><sessioninfo id="piccolo01-8ca8d7dd" start="1634350751361" dump="1634350762374"/><sessioninfo id="piccolo00-52fde8fd" start="1634350751336" dump="1634350766492"/><sessioninfo id="piccolo09-481f8740" start="1634350767657" dump="1634350775929"/><sessioninfo id="piccolo01-aa5d2c8e" start="1634350767629" dump="1634350776933"/><sessioninfo id="piccolo08-93a8086a" start="1634350767660" dump="1634350778972"/><sessioninfo id="piccolo00-3021e60e" start="1634350767647" dump="1634350783132"/><sessioninfo id="piccolo00-d00496dd" start="1634350784198" dump="1634350794245"/><sessioninfo id="piccolo01-f22f1c79" start="1634350784203" dump="1634350795269"/><sessioninfo id="piccolo00-573cbb0a" start="1634350796377" dump="1634350803132"/><sessioninfo id="piccolo08-7995c572" start="1634350796385" dump="1634350804156"/><sessioninfo id="piccolo01-9ccb5464" start="1634350796389" dump="1634350806181"/><sessioninfo id="piccolo00-776303a8" start="1634350807242" dump="1634350816089"/><sessioninfo id="piccolo01-fd030c19" start="1634350807249" dump="1634350817125"/><sessioninfo id="piccolo01-6a9417d0" start="1634350818461" dump="1634350827397"/><sessioninfo id="piccolo08-d59dc4f2" start="1634350818435" dump="1634350828412"/><sessioninfo id="piccolo00-d5c31590" start="1634350818430" dump="1634350830428"/><sessioninfo id="piccolo09-3545b745" start="1634350818442" dump="1634350834566"/><sessioninfo id="piccolo01-4986c4be" start="1634350835678" dump="1634350844166"/><sessioninfo id="piccolo00-249d0892" start="1634350835686" dump="1634350845180"/><sessioninfo id="piccolo09-8147622d" start="1634350846301" dump="1634350854089"/><sessioninfo id="piccolo08-88632f28" start="1634350846304" dump="1634350855100"/><sessioninfo id="piccolo00-1c57020d" start="1634350846275" dump="1634350857116"/><sessioninfo id="piccolo01-94c8c46e" start="1634350846284" dump="1634350861349"/><sessioninfo id="piccolo01-9ced95fe" start="1634350862475" dump="1634350871011"/><sessioninfo id="piccolo00-ea91b411" start="1634350862467" dump="1634350872060"/><sessioninfo id="piccolo00-b1f2d19d" start="1634350873198" dump="1634350882264"/><sessioninfo id="piccolo01-765ea30d" start="1634350873212" dump="1634350883301"/><sessioninfo id="piccolo00-6da11db5" start="1634350397485" dump="1634350883666"/><package name="handist/collections/glb"><class name="handist/collections/glb/CustomOneSidedMoveManager" sourcefilename="CustomOneSidedMoveManager.java"><method name="&lt;init&gt;" desc="(Lapgas/Place;)V" line="50"><counter type="INSTRUCTION" missed="0" covered="4"/><counter type="LINE" missed="0" covered="2"/><counter type="COMPLEXITY" missed="0" covered="1"/><counter type="METHOD" missed="0" covered="1"/></method><method name="asyncSendAndDoNoMPI" desc="(Lapgas/SerializableJob;[Lapgas/impl/Finish;)V" line="68"><counter type="INSTRUCTION" missed="0" covered="15"/><counter type="LINE" missed="0" covered="4"/><counter type="COMPLEXITY" missed="0" covered="1"/><counter type="METHOD" missed="0" covered="1"/></method><method name="asyncSendAndDoWithMPI" desc="(Lapgas/SerializableJob;[Lapgas/impl/Finish;)V" line="101"><counter type="INSTRUCTION" missed="0" covered="37"/><counter type="LINE" missed="0" covered="8"/><counter type="COMPLEXITY" missed="0" covered="1"/><counter type="METHOD" missed="0" covered="1"/></method><method name="getDeSerializer" desc="()Ljava/util/List;" line="138"><counter type="INSTRUCTION" missed="3" covered="0"/><counter type="LINE" missed="1" covered="0"/><counter type="COMPLEXITY" missed="1" covered="0"/><counter type="METHOD" missed="1" covered="0"/></method><method name="serializeObjectsOnly" desc="()[B" line="151"><counter type="INSTRUCTION" missed="0" covered="31"/><counter type="BRANCH" missed="0" covered="2"/><counter type="LINE" missed="0" covered="8"/><counter type="COMPLEXITY" missed="0" covered="2"/><counter type="METHOD" missed="0" covered="1"/></method><method name="lambda$asyncSendAndDoWithMPI$3fb8ac6$1" desc="(III[BLapgas/SerializableJob;)V" line="112"><counter type="INSTRUCTION" missed="0" covered="44"/><counter type="BRANCH" missed="0" covered="2"/><counter type="LINE" missed="0" covered="10"/><counter type="COMPLEXITY" missed="0" covered="2"/><counter type="METHOD" missed="0" covered="1"/></method><method name="lambda$asyncSendAndDoNoMPI$61d11d8e$1" desc="([BLjava/util/List;Lapgas/SerializableJob;)V" line="74"><counter type="INSTRUCTION" missed="0" covered="29"/><counter type="BRANCH" missed="0" covered="2"/><counter type="LINE" missed="0" covered="8"/><counter type="COMPLEXITY" missed="0" covered="2"/><counter type="METHOD" missed="0" covered="1"/></method><counter type="INSTRUCTION" missed="3" covered="160"/><counter type="BRANCH" missed="0" covered="6"/><counter type="LINE" missed="1" covered="40"/><counter type="COMPLEXITY" missed="1" covered="9"/><counter type="METHOD" missed="1" covered="6"/><counter type="CLASS" missed="0" covered="1"/></class><class name="handist/collections/glb/Config$LifelineAnswerMode" sourcefilename="Config.java"><method name="&lt;clinit&gt;" desc="()V" line="35"><counter type="INSTRUCTION" missed="0" covered="24"/><counter type="LINE" missed="0" covered="2"/><counter type="COMPLEXITY" missed="0" covered="1"/><counter type="METHOD" missed="0" covered="1"/></method><counter type="INSTRUCTION" missed="0" covered="24"/><counter type="LINE" missed="0" covered="2"/><counter type="COMPLEXITY" missed="0" covered="1"/><counter type="METHOD" missed="0" covered="1"/><counter type="CLASS" missed="0" covered="1"/></class><class name="handist/collections/glb/GlbOperation$State" sourcefilename="GlbOperation.java"><method name="&lt;clinit&gt;" desc="()V" line="106"><counter type="INSTRUCTION" missed="0" covered="34"/><counter type="LINE" missed="0" covered="4"/><counter type="COMPLEXITY" missed="0" covered="1"/><counter type="METHOD" missed="0" covered="1"/></method><counter type="INSTRUCTION" missed="0" covered="34"/><counter type="LINE" missed="0" covered="4"/><counter type="COMPLEXITY" missed="0" covered="1"/><counter type="METHOD" missed="0" covered="1"/><counter type="CLASS" missed="0" covered="1"/></class><class name="handist/collections/glb/DistColGlb" sourcefilename="DistColGlb.java"><method name="&lt;init&gt;" desc="(Lhandist/collections/dist/DistChunkedList;)V" line="92"><counter type="INSTRUCTION" missed="0" covered="6"/><counter type="LINE" missed="0" covered="3"/><counter type="COMPLEXITY" missed="0" covered="1"/><counter type="METHOD" missed="0" covered="1"/></method><method name="forEach" desc="(Lhandist/collections/function/SerializableConsumer;)Lhandist/collections/glb/DistFuture;" line="105"><counter type="INSTRUCTION" missed="0" covered="32"/><counter type="LINE" missed="0" covered="7"/><counter type="COMPLEXITY" missed="0" covered="1"/><counter type="METHOD" missed="0" covered="1"/></method><method name="forEach" desc="(Lhandist/collections/function/SerializableLongTBiConsumer;)Lhandist/collections/glb/DistFuture;" line="149"><counter type="INSTRUCTION" missed="0" covered="32"/><counter type="LINE" missed="0" covered="7"/><counter type="COMPLEXITY" missed="0" covered="1"/><counter type="METHOD" missed="0" covered="1"/></method><method name="map" desc="(Lhandist/collections/function/SerializableFunction;)Lhandist/collections/glb/DistFuture;" line="198"><counter type="INSTRUCTION" missed="0" covered="39"/><counter type="LINE" missed="0" covered="8"/><counter type="COMPLEXITY" missed="0" covered="1"/><counter type="METHOD" missed="0" covered="1"/></method><method name="reduce" desc="(Lhandist/collections/dist/Reducer;)Lhandist/collections/glb/DistFuture;" line="246"><counter type="INSTRUCTION" missed="0" covered="47"/><counter type="LINE" missed="0" covered="11"/><counter type="COMPLEXITY" missed="0" covered="1"/><counter type="METHOD" missed="0" covered="1"/></method><method name="toBag" desc="(Lhandist/collections/function/SerializableBiConsumer;Lhandist/collections/dist/DistBag;)Lhandist/collections/glb/DistFuture;" line="315"><counter type="INSTRUCTION" missed="5" covered="41"/><counter type="BRANCH" missed="1" covered="1"/><counter type="LINE" missed="1" covered="9"/><counter type="COMPLEXITY" missed="1" covered="1"/><counter type="METHOD" missed="0" covered="1"/></method><method name="toBag" desc="(Lhandist/collections/function/SerializableFunction;)Lhandist/collections/glb/DistFuture;" line="380"><counter type="INSTRUCTION" missed="0" covered="42"/><counter type="LINE" missed="0" covered="9"/><counter type="COMPLEXITY" missed="0" covered="1"/><counter type="METHOD" missed="0" covered="1"/></method><method name="lambda$toBag$4fe94c8b$1" desc="()Lhandist/collections/glb/GlbTask;" line="418"><counter type="INSTRUCTION" missed="0" covered="6"/><counter type="LINE" missed="0" covered="1"/><counter type="COMPLEXITY" missed="0" covered="1"/><counter type="METHOD" missed="0" covered="1"/></method><method name="lambda$toBag$7ba34826$1" desc="(Lhandist/collections/dist/DistBag;Lhandist/collections/function/SerializableFunction;Lhandist/collections/RangedList;JJLhandist/collections/glb/WorkerService;)V" line="398"><counter type="INSTRUCTION" missed="14" covered="29"/><counter type="BRANCH" missed="0" covered="2"/><counter type="LINE" missed="2" covered="7"/><counter type="COMPLEXITY" missed="0" covered="2"/><counter type="METHOD" missed="0" covered="1"/></method><method name="lambda$toBag$60bcd586$1" desc="(Lhandist/collections/dist/DistBag;Lhandist/collections/glb/WorkerService;)V" line="388"><counter type="INSTRUCTION" missed="0" covered="6"/><counter type="LINE" missed="0" covered="2"/><counter type="COMPLEXITY" missed="0" covered="1"/><counter type="METHOD" missed="0" covered="1"/></method><method name="lambda$toBag$c50518d2$1" desc="()Lhandist/collections/glb/GlbTask;" line="356"><counter type="INSTRUCTION" missed="0" covered="6"/><counter type="LINE" missed="0" covered="1"/><counter type="COMPLEXITY" missed="0" covered="1"/><counter type="METHOD" missed="0" covered="1"/></method><method name="lambda$toBag$f290b3b2$1" desc="(Lhandist/collections/dist/DistBag;Lhandist/collections/function/SerializableBiConsumer;Lhandist/collections/RangedList;JJLhandist/collections/glb/WorkerService;)V" line="337"><counter type="INSTRUCTION" missed="14" covered="26"/><counter type="BRANCH" missed="0" covered="2"/><counter type="LINE" missed="2" covered="6"/><counter type="COMPLEXITY" missed="0" covered="2"/><counter type="METHOD" missed="0" covered="1"/></method><method name="lambda$toBag$2c1320cd$1" desc="(Lhandist/collections/dist/DistBag;Lhandist/collections/glb/WorkerService;)V" line="327"><counter type="INSTRUCTION" missed="0" covered="6"/><counter type="LINE" missed="0" covered="2"/><counter type="COMPLEXITY" missed="0" covered="1"/><counter type="METHOD" missed="0" covered="1"/></method><method name="lambda$reduce$1079f84d$1" desc="(Lhandist/collections/dist/Reducer;Lapgas/util/GlobalID;)V" line="281"><counter type="INSTRUCTION" missed="0" covered="9"/><counter type="LINE" missed="0" covered="2"/><counter type="COMPLEXITY" missed="0" covered="1"/><counter type="METHOD" missed="0" covered="1"/></method><method name="lambda$null$3e579672$1" desc="(Lhandist/collections/dist/Reducer;Lapgas/util/GlobalID;)V" line="282"><counter type="INSTRUCTION" missed="0" covered="33"/><counter type="BRANCH" missed="0" covered="2"/><counter type="LINE" missed="0" covered="5"/><counter type="COMPLEXITY" missed="0" covered="2"/><counter type="METHOD" missed="0" covered="1"/></method><method name="lambda$reduce$a265c584$1" desc="()Lhandist/collections/glb/GlbTask;" line="268"><counter type="INSTRUCTION" missed="0" covered="6"/><counter type="LINE" missed="0" covered="1"/><counter type="COMPLEXITY" missed="0" covered="1"/><counter type="METHOD" missed="0" covered="1"/></method><method name="lambda$reduce$127ec90f$1" desc="(Lapgas/util/GlobalID;Lhandist/collections/RangedList;JJLhandist/collections/glb/WorkerService;)V" line="254"><counter type="INSTRUCTION" missed="14" covered="23"/><counter type="BRANCH" missed="0" covered="2"/><counter type="LINE" missed="2" covered="5"/><counter type="COMPLEXITY" missed="0" covered="2"/><counter type="METHOD" missed="0" covered="1"/></method><method name="lambda$reduce$6ba3754f$1" desc="(Lapgas/util/GlobalID;Lhandist/collections/dist/Reducer;Lhandist/collections/glb/WorkerService;)V" line="250"><counter type="INSTRUCTION" missed="0" covered="6"/><counter type="LINE" missed="0" covered="2"/><counter type="COMPLEXITY" missed="0" covered="1"/><counter type="METHOD" missed="0" covered="1"/></method><method name="lambda$map$dd65b649$1" desc="()Lhandist/collections/glb/GlbTask;" line="230"><counter type="INSTRUCTION" missed="0" covered="6"/><counter type="LINE" missed="0" covered="1"/><counter type="COMPLEXITY" missed="0" covered="1"/><counter type="METHOD" missed="0" covered="1"/></method><method name="lambda$map$4a7ea8c2$1" desc="(Lhandist/collections/dist/DistChunkedList;Lhandist/collections/function/SerializableFunction;Lhandist/collections/RangedList;JJLhandist/collections/glb/WorkerService;)V" line="209"><counter type="INSTRUCTION" missed="10" covered="40"/><counter type="BRANCH" missed="0" covered="2"/><counter type="LINE" missed="2" covered="9"/><counter type="COMPLEXITY" missed="0" covered="2"/><counter type="METHOD" missed="0" covered="1"/></method><method name="lambda$forEach$78d815b1$1" desc="(Lhandist/collections/function/SerializableLongTBiConsumer;Lhandist/collections/RangedList;JJLhandist/collections/glb/WorkerService;)V" line="164"><counter type="INSTRUCTION" missed="14" covered="19"/><counter type="BRANCH" missed="0" covered="2"/><counter type="LINE" missed="2" covered="4"/><counter type="COMPLEXITY" missed="0" covered="2"/><counter type="METHOD" missed="0" covered="1"/></method><method name="lambda$forEach$36c259d8$1" desc="()Lhandist/collections/glb/GlbTask;" line="156"><counter type="INSTRUCTION" missed="0" covered="6"/><counter type="LINE" missed="0" covered="1"/><counter type="COMPLEXITY" missed="0" covered="1"/><counter type="METHOD" missed="0" covered="1"/></method><method name="lambda$forEach$617226f5$1" desc="(Lhandist/collections/function/SerializableConsumer;Lhandist/collections/RangedList;JJLhandist/collections/glb/WorkerService;)V" line="120"><counter type="INSTRUCTION" missed="0" covered="32"/><counter type="BRANCH" missed="0" covered="2"/><counter type="LINE" missed="0" covered="6"/><counter type="COMPLEXITY" missed="0" covered="2"/><counter type="METHOD" missed="0" covered="1"/></method><method name="lambda$forEach$be9a018f$1" desc="()Lhandist/collections/glb/GlbTask;" line="112"><counter type="INSTRUCTION" missed="0" covered="6"/><counter type="LINE" missed="0" covered="1"/><counter type="COMPLEXITY" missed="0" covered="1"/><counter type="METHOD" missed="0" covered="1"/></method><counter type="INSTRUCTION" missed="71" covered="504"/><counter type="BRANCH" missed="1" covered="15"/><counter type="LINE" missed="11" covered="107"/><counter type="COMPLEXITY" missed="1" covered="31"/><counter type="METHOD" missed="0" covered="24"/><counter type="CLASS" missed="0" covered="1"/></class><class name="handist/collections/glb/DistColGlbTask$DistColLambda" sourcefilename="DistColGlbTask.java"/><class name="handist/collections/glb/TimeoutBlocker" sourcefilename="TimeoutBlocker.java"><method name="&lt;init&gt;" desc="()V" line="32"><counter type="INSTRUCTION" missed="0" covered="6"/><counter type="LINE" missed="0" covered="2"/><counter type="COMPLEXITY" missed="0" covered="1"/><counter type="METHOD" missed="0" covered="1"/></method><method name="block" desc="()Z" line="61"><counter type="INSTRUCTION" missed="4" covered="29"/><counter type="BRANCH" missed="2" covered="4"/><counter type="LINE" missed="1" covered="7"/><counter type="COMPLEXITY" missed="2" covered="2"/><counter type="METHOD" missed="0" covered="1"/></method><method name="isReleasable" desc="()Z" line="81"><counter type="INSTRUCTION" missed="0" covered="14"/><counter type="BRANCH" missed="0" covered="4"/><counter type="LINE" missed="0" covered="1"/><counter type="COMPLEXITY" missed="0" covered="3"/><counter type="METHOD" missed="0" covered="1"/></method><method name="reset" desc="()V" line="88"><counter type="INSTRUCTION" missed="0" covered="9"/><counter type="LINE" missed="0" covered="3"/><counter type="COMPLEXITY" missed="0" covered="1"/><counter type="METHOD" missed="0" covered="1"/></method><method name="setNextWakeup" desc="(J)V" line="100"><counter type="INSTRUCTION" missed="4" covered="0"/><counter type="LINE" missed="2" covered="0"/><counter type="COMPLEXITY" missed="1" covered="0"/><counter type="METHOD" missed="1" covered="0"/></method><method name="unblock" desc="()V" line="107"><counter type="INSTRUCTION" missed="0" covered="4"/><counter type="LINE" missed="0" covered="2"/><counter type="COMPLEXITY" missed="0" covered="1"/><counter type="METHOD" missed="0" covered="1"/></method><counter type="INSTRUCTION" missed="8" covered="62"/><counter type="BRANCH" missed="2" covered="8"/><counter type="LINE" missed="3" covered="15"/><counter type="COMPLEXITY" missed="3" covered="8"/><counter type="METHOD" missed="1" covered="5"/><counter type="CLASS" missed="0" covered="1"/></class><class name="handist/collections/glb/GlbOperation" sourcefilename="GlbOperation.java"><method name="makeDependency" desc="(Lhandist/collections/glb/GlbOperation;Lhandist/collections/glb/GlbOperation;)V" line="149"><counter type="INSTRUCTION" missed="5" covered="36"/><counter type="BRANCH" missed="1" covered="3"/><counter type="LINE" missed="1" covered="10"/><counter type="COMPLEXITY" missed="1" covered="2"/><counter type="METHOD" missed="0" covered="1"/></method><method name="priority" desc="()I" line="183"><counter type="INSTRUCTION" missed="0" covered="6"/><counter type="LINE" missed="0" covered="1"/><counter type="COMPLEXITY" missed="0" covered="1"/><counter type="METHOD" missed="0" covered="1"/></method><method name="&lt;init&gt;" desc="(Lhandist/collections/dist/DistributedCollection;Ljava/io/Serializable;Lhandist/collections/glb/DistFuture;Lhandist/collections/function/SerializableSupplier;Lhandist/collections/function/SerializableConsumer;Ljava/lang/Class;)V" line="293"><counter type="INSTRUCTION" missed="0" covered="14"/><counter type="LINE" missed="0" covered="2"/><counter type="COMPLEXITY" missed="0" covered="1"/><counter type="METHOD" missed="0" covered="1"/></method><method name="&lt;init&gt;" desc="(Lhandist/collections/dist/DistributedCollection;Ljava/io/Serializable;Lhandist/collections/glb/DistFuture;Lhandist/collections/function/SerializableSupplier;Lhandist/collections/function/SerializableConsumer;Lhandist/collections/glb/GlbOperation$State;Lapgas/util/GlobalID;ILjava/lang/Class;)V" line="226"><counter type="INSTRUCTION" missed="0" covered="52"/><counter type="LINE" missed="0" covered="16"/><counter type="COMPLEXITY" missed="0" covered="1"/><counter type="METHOD" missed="0" covered="1"/></method><method name="addHook" desc="(Lapgas/SerializableJob;)V" line="335"><counter type="INSTRUCTION" missed="0" covered="6"/><counter type="LINE" missed="0" covered="2"/><counter type="COMPLEXITY" missed="0" covered="1"/><counter type="METHOD" missed="0" covered="1"/></method><method name="compareTo" desc="(Lhandist/collections/glb/GlbOperation;)I" line="346"><counter type="INSTRUCTION" missed="0" covered="6"/><counter type="LINE" missed="0" covered="1"/><counter type="COMPLEXITY" missed="0" covered="1"/><counter type="METHOD" missed="0" covered="1"/></method><method name="compute" desc="()V" line="361"><counter type="INSTRUCTION" missed="18" covered="41"/><counter type="BRANCH" missed="1" covered="3"/><counter type="LINE" missed="6" covered="13"/><counter type="COMPLEXITY" missed="1" covered="2"/><counter type="METHOD" missed="0" covered="1"/></method><method name="dependencySatisfied" desc="(Lhandist/collections/glb/GlbOperation;)V" line="416"><counter type="INSTRUCTION" missed="0" covered="35"/><counter type="BRANCH" missed="1" covered="3"/><counter type="LINE" missed="0" covered="5"/><counter type="COMPLEXITY" missed="1" covered="2"/><counter type="METHOD" missed="0" covered="1"/></method><method name="equals" desc="(Ljava/lang/Object;)Z" line="433"><counter type="INSTRUCTION" missed="2" covered="10"/><counter type="BRANCH" missed="1" covered="1"/><counter type="LINE" missed="1" covered="2"/><counter type="COMPLEXITY" missed="1" covered="1"/><counter type="METHOD" missed="0" covered="1"/></method><method name="finished" desc="()Z" line="446"><counter type="INSTRUCTION" missed="0" covered="8"/><counter type="BRANCH" missed="0" covered="2"/><counter type="LINE" missed="0" covered="1"/><counter type="COMPLEXITY" missed="0" covered="2"/><counter type="METHOD" missed="0" covered="1"/></method><method name="getErrors" desc="()Ljava/util/List;" line="460"><counter type="INSTRUCTION" missed="0" covered="42"/><counter type="BRANCH" missed="1" covered="5"/><counter type="LINE" missed="0" covered="9"/><counter type="COMPLEXITY" missed="1" covered="3"/><counter type="METHOD" missed="0" covered="1"/></method><method name="hasDependencies" desc="()Z" line="484"><counter type="INSTRUCTION" missed="0" covered="8"/><counter type="BRANCH" missed="0" covered="2"/><counter type="LINE" missed="0" covered="1"/><counter type="COMPLEXITY" missed="0" covered="2"/><counter type="METHOD" missed="0" covered="1"/></method><method name="hashCode" desc="()I" line="489"><counter type="INSTRUCTION" missed="0" covered="5"/><counter type="LINE" missed="0" covered="1"/><counter type="COMPLEXITY" missed="0" covered="1"/><counter type="METHOD" missed="0" covered="1"/></method><method name="lambda$getErrors$98d7ddfc$1" desc="()Ljava/util/ArrayList;" line="465"><counter type="INSTRUCTION" missed="0" covered="6"/><counter type="LINE" missed="0" covered="1"/><counter type="COMPLEXITY" missed="0" covered="1"/><counter type="METHOD" missed="0" covered="1"/></method><method name="lambda$dependencySatisfied$0" desc="()V" line="420"><counter type="INSTRUCTION" missed="0" covered="3"/><counter type="LINE" missed="0" covered="1"/><counter type="COMPLEXITY" missed="0" covered="1"/><counter type="METHOD" missed="0" covered="1"/></method><method name="lambda$compute$431d408b$1" desc="()V" line="366"><counter type="INSTRUCTION" missed="0" covered="6"/><counter type="LINE" missed="0" covered="3"/><counter type="COMPLEXITY" missed="0" covered="1"/><counter type="METHOD" missed="0" covered="1"/></method><method name="lambda$makeDependency$91e17198$1" desc="(Lhandist/collections/glb/GlbOperation;Lhandist/collections/glb/GlbOperation;)V" line="161"><counter type="INSTRUCTION" missed="0" covered="4"/><counter type="LINE" missed="0" covered="1"/><counter type="COMPLEXITY" missed="0" covered="1"/><counter type="METHOD" missed="0" covered="1"/></method><method name="&lt;clinit&gt;" desc="()V" line="127"><counter type="INSTRUCTION" missed="0" covered="3"/><counter type="LINE" missed="0" covered="1"/><counter type="COMPLEXITY" missed="0" covered="1"/><counter type="METHOD" missed="0" covered="1"/></method><counter type="INSTRUCTION" missed="25" covered="291"/><counter type="BRANCH" missed="5" covered="19"/><counter type="LINE" missed="8" covered="69"/><counter type="COMPLEXITY" missed="5" covered="25"/><counter type="METHOD" missed="0" covered="18"/><counter type="CLASS" missed="0" covered="1"/></class><class name="handist/collections/glb/GlbComputer$WorkReserve" sourcefilename="GlbComputer.java"><method name="&lt;init&gt;" desc="(Lhandist/collections/glb/GlbComputer;)V" line="236"><counter type="INSTRUCTION" missed="0" covered="21"/><counter type="LINE" missed="0" covered="5"/><counter type="COMPLEXITY" missed="0" covered="1"/><counter type="METHOD" missed="0" covered="1"/></method><method name="getAssignment" desc="(Lhandist/collections/glb/GlbComputer$WorkerInfo;)Lhandist/collections/glb/Assignment;" line="259"><counter type="INSTRUCTION" missed="0" covered="43"/><counter type="BRANCH" missed="0" covered="4"/><counter type="LINE" missed="0" covered="10"/><counter type="COMPLEXITY" missed="0" covered="3"/><counter type="METHOD" missed="0" covered="1"/></method><method name="newOperation" desc="(Lhandist/collections/glb/GlbOperation;)Z" line="287"><counter type="INSTRUCTION" missed="0" covered="40"/><counter type="BRANCH" missed="0" covered="4"/><counter type="LINE" missed="0" covered="8"/><counter type="COMPLEXITY" missed="0" covered="3"/><counter type="METHOD" missed="0" covered="1"/></method><counter type="INSTRUCTION" missed="0" covered="104"/><counter type="BRANCH" missed="0" covered="8"/><counter type="LINE" missed="0" covered="23"/><counter type="COMPLEXITY" missed="0" covered="7"/><counter type="METHOD" missed="0" covered="3"/><counter type="CLASS" missed="0" covered="1"/></class><class name="handist/collections/glb/DistColGlbTask" sourcefilename="DistColGlbTask.java"><method name="&lt;init&gt;" desc="(Lhandist/collections/dist/DistChunkedList;)V" line="413"><counter type="INSTRUCTION" missed="0" covered="45"/><counter type="LINE" missed="0" covered="11"/><counter type="COMPLEXITY" missed="0" covered="1"/><counter type="METHOD" missed="0" covered="1"/></method><method name="answerLifeline" desc="(Lhandist/collections/glb/GlbComputer$LifelineToken;)Z" line="435"><counter type="INSTRUCTION" missed="16" covered="222"/><counter type="BRANCH" missed="1" covered="17"/><counter type="LINE" missed="8" covered="47"/><counter type="COMPLEXITY" missed="1" covered="9"/><counter type="METHOD" missed="0" covered="1"/></method><method name="assignWorkToWorker" desc="()Lhandist/collections/glb/Assignment;" line="559"><counter type="INSTRUCTION" missed="0" covered="22"/><counter type="BRANCH" missed="0" covered="2"/><counter type="LINE" missed="0" covered="6"/><counter type="COMPLEXITY" missed="0" covered="2"/><counter type="METHOD" missed="0" covered="1"/></method><method name="mergeAssignments" desc="(Ljava/util/HashMap;Ljava/util/ArrayList;)V" line="580"><counter type="INSTRUCTION" missed="0" covered="87"/><counter type="BRANCH" missed="0" covered="4"/><counter type="LINE" missed="0" covered="18"/><counter type="COMPLEXITY" missed="0" covered="3"/><counter type="METHOD" missed="0" covered="1"/></method><method name="newOperation" desc="(Lhandist/collections/glb/GlbOperation;)Z" line="634"><counter type="INSTRUCTION" missed="0" covered="130"/><counter type="BRANCH" missed="0" covered="6"/><counter type="LINE" missed="0" covered="28"/><counter type="COMPLEXITY" missed="0" covered="4"/><counter type="METHOD" missed="0" covered="1"/></method><method name="operationTerminatedOnAssignment" desc="(Lhandist/collections/glb/GlbOperation;)V" line="685"><counter type="INSTRUCTION" missed="0" covered="15"/><counter type="BRANCH" missed="0" covered="2"/><counter type="LINE" missed="0" covered="5"/><counter type="COMPLEXITY" missed="0" covered="2"/><counter type="METHOD" missed="0" covered="1"/></method><method name="lambda$answerLifeline$1dcd097b$2" desc="(Lhandist/collections/glb/GlbComputer$LifelineToken;Ljava/util/ArrayList;Ljava/util/HashMap;Ljava/util/HashMap;)V" line="531"><counter type="INSTRUCTION" missed="0" covered="7"/><counter type="LINE" missed="0" covered="1"/><counter type="COMPLEXITY" missed="0" covered="1"/><counter type="METHOD" missed="0" covered="1"/></method><method name="lambda$answerLifeline$1dcd097b$1" desc="(Lhandist/collections/glb/GlbComputer$LifelineToken;Ljava/util/ArrayList;Ljava/util/HashMap;Ljava/util/HashMap;)V" line="522"><counter type="INSTRUCTION" missed="0" covered="7"/><counter type="LINE" missed="0" covered="1"/><counter type="COMPLEXITY" missed="0" covered="1"/><counter type="METHOD" missed="0" covered="1"/></method><method name="lambda$answerLifeline$2" desc="(JLjava/util/HashMap;Ljava/util/Map$Entry;)V" line="479"><counter type="INSTRUCTION" missed="0" covered="31"/><counter type="BRANCH" missed="1" covered="1"/><counter type="LINE" missed="0" covered="6"/><counter type="COMPLEXITY" missed="1" covered="1"/><counter type="METHOD" missed="0" covered="1"/></method><method name="lambda$null$1" desc="(Lhandist/collections/glb/GlbOperation;)Ljava/lang/Integer;" line="482"><counter type="INSTRUCTION" missed="0" covered="5"/><counter type="LINE" missed="0" covered="1"/><counter type="COMPLEXITY" missed="0" covered="1"/><counter type="METHOD" missed="0" covered="1"/></method><method name="lambda$new$0" desc="(Lhandist/collections/LongRange;)V" line="425"><counter type="INSTRUCTION" missed="0" covered="22"/><counter type="LINE" missed="0" covered="5"/><counter type="COMPLEXITY" missed="0" covered="1"/><counter type="METHOD" missed="0" covered="1"/></method><method name="&lt;clinit&gt;" desc="()V" line="341"><counter type="INSTRUCTION" missed="0" covered="3"/><counter type="LINE" missed="0" covered="1"/><counter type="COMPLEXITY" missed="0" covered="1"/><counter type="METHOD" missed="0" covered="1"/></method><counter type="INSTRUCTION" missed="16" covered="596"/><counter type="BRANCH" missed="2" covered="32"/><counter type="LINE" missed="8" covered="128"/><counter type="COMPLEXITY" missed="2" covered="27"/><counter type="METHOD" missed="0" covered="12"/><counter type="CLASS" missed="0" covered="1"/></class><class name="handist/collections/glb/Assignment" sourcefilename="Assignment.java"><method name="compareTo" desc="(Lhandist/collections/glb/Assignment;)I" line="39"><counter type="INSTRUCTION" missed="6" covered="0"/><counter type="LINE" missed="1" covered="0"/><counter type="COMPLEXITY" missed="1" covered="0"/><counter type="METHOD" missed="1" covered="0"/></method><counter type="INSTRUCTION" missed="6" covered="0"/><counter type="LINE" missed="1" covered="0"/><counter type="COMPLEXITY" missed="1" covered="0"/><counter type="METHOD" missed="1" covered="0"/><counter type="CLASS" missed="1" covered="0"/></class><class name="handist/collections/glb/WorkerService" sourcefilename="WorkerService.java"/><class name="handist/collections/glb/DistColGlbTask$Progress" sourcefilename="DistColGlbTask.java"><method name="&lt;init&gt;" desc="(J)V" line="333"><counter type="INSTRUCTION" missed="0" covered="6"/><counter type="LINE" missed="0" covered="3"/><counter type="COMPLEXITY" missed="0" covered="1"/><counter type="METHOD" missed="0" covered="1"/></method><counter type="INSTRUCTION" missed="0" covered="6"/><counter type="LINE" missed="0" covered="3"/><counter type="COMPLEXITY" missed="0" covered="1"/><counter type="METHOD" missed="0" covered="1"/><counter type="CLASS" missed="0" covered="1"/></class><class name="handist/collections/glb/DistMapGlb" sourcefilename="DistMapGlb.java"><method name="&lt;init&gt;" desc="(Lhandist/collections/dist/DistMap;)V" line="43"><counter type="INSTRUCTION" missed="0" covered="6"/><counter type="LINE" missed="0" covered="3"/><counter type="COMPLEXITY" missed="0" covered="1"/><counter type="METHOD" missed="0" covered="1"/></method><method name="forEach" desc="(Lhandist/collections/function/SerializableConsumer;)Lhandist/collections/glb/DistFuture;" line="77"><counter type="INSTRUCTION" missed="2" covered="0"/><counter type="LINE" missed="1" covered="0"/><counter type="COMPLEXITY" missed="1" covered="0"/><counter type="METHOD" missed="1" covered="0"/></method><counter type="INSTRUCTION" missed="2" covered="6"/><counter type="LINE" missed="1" covered="3"/><counter type="COMPLEXITY" missed="1" covered="1"/><counter type="METHOD" missed="1" covered="1"/><counter type="CLASS" missed="0" covered="1"/></class><class name="handist/collections/glb/DistColGlb$DistColGlbError" sourcefilename="DistColGlb.java"><method name="&lt;init&gt;" desc="(Lhandist/collections/LongRange;JLjava/lang/Throwable;)V" line="75"><counter type="INSTRUCTION" missed="0" covered="31"/><counter type="LINE" missed="0" covered="4"/><counter type="COMPLEXITY" missed="0" covered="1"/><counter type="METHOD" missed="0" covered="1"/></method><counter type="INSTRUCTION" missed="0" covered="31"/><counter type="LINE" missed="0" covered="4"/><counter type="COMPLEXITY" missed="0" covered="1"/><counter type="METHOD" missed="0" covered="1"/><counter type="CLASS" missed="0" covered="1"/></class><class name="handist/collections/glb/GlbComputer" sourcefilename="GlbComputer.java"><method name="destroyGlbComputer" desc="()V" line="338"><counter type="INSTRUCTION" missed="0" covered="4"/><counter type="LINE" missed="0" covered="2"/><counter type="COMPLEXITY" missed="0" covered="1"/><counter type="METHOD" missed="0" covered="1"/></method><method name="getComputer" desc="()Lhandist/collections/glb/GlbComputer;" line="363"><counter type="INSTRUCTION" missed="0" covered="4"/><counter type="LINE" missed="0" covered="2"/><counter type="COMPLEXITY" missed="0" covered="1"/><counter type="METHOD" missed="0" covered="1"/></method><method name="initializeComputer" desc="(Lhandist/collections/dist/DistLog;)Lhandist/collections/glb/GlbComputer;" line="376"><counter type="INSTRUCTION" missed="0" covered="7"/><counter type="LINE" missed="0" covered="1"/><counter type="COMPLEXITY" missed="0" covered="1"/><counter type="METHOD" missed="0" covered="1"/></method><method name="&lt;init&gt;" desc="(Lhandist/collections/dist/DistLog;)V" line="518"><counter type="INSTRUCTION" missed="0" covered="120"/><counter type="BRANCH" missed="0" covered="2"/><counter type="LINE" missed="0" covered="24"/><counter type="COMPLEXITY" missed="0" covered="2"/><counter type="METHOD" missed="0" covered="1"/></method><method name="attemptToSpawnWorker" desc="()V" line="578"><counter type="INSTRUCTION" missed="15" covered="23"/><counter type="BRANCH" missed="1" covered="5"/><counter type="LINE" missed="1" covered="7"/><counter type="COMPLEXITY" missed="1" covered="3"/><counter type="METHOD" missed="0" covered="1"/></method><method name="establishingLifelineOnRemoteHost" desc="(Lhandist/collections/dist/DistributedCollection;)V" line="616"><counter type="INSTRUCTION" missed="0" covered="40"/><counter type="BRANCH" missed="0" covered="4"/><counter type="LINE" missed="0" covered="7"/><counter type="COMPLEXITY" missed="0" covered="3"/><counter type="METHOD" missed="0" covered="1"/></method><method name="lifelineAnswer" desc="(Lhandist/collections/glb/GlbComputer$LifelineToken;Ljava/util/ArrayList;Ljava/util/HashMap;Ljava/util/HashMap;)V" line="656"><counter type="INSTRUCTION" missed="26" covered="106"/><counter type="BRANCH" missed="2" covered="6"/><counter type="LINE" missed="2" covered="21"/><counter type="COMPLEXITY" missed="2" covered="3"/><counter type="METHOD" missed="0" covered="1"/></method><method name="newOperation" desc="(Lhandist/collections/glb/GlbOperation;)V" line="732"><counter type="INSTRUCTION" missed="3" covered="37"/><counter type="BRANCH" missed="1" covered="3"/><counter type="LINE" missed="1" covered="9"/><counter type="COMPLEXITY" missed="1" covered="2"/><counter type="METHOD" missed="0" covered="1"/></method><method name="operationActivity" desc="(Lhandist/collections/glb/GlbOperation;)V" line="797"><counter type="INSTRUCTION" missed="43" covered="37"/><counter type="BRANCH" missed="3" covered="5"/><counter type="LINE" missed="6" covered="14"/><counter type="COMPLEXITY" missed="3" covered="2"/><counter type="METHOD" missed="0" covered="1"/></method><method name="prepareForNewOperation" desc="(Lhandist/collections/glb/GlbOperation;Lapgas/impl/Finish;)Z" line="851"><counter type="INSTRUCTION" missed="0" covered="51"/><counter type="BRANCH" missed="0" covered="4"/><counter type="LINE" missed="0" covered="8"/><counter type="COMPLEXITY" missed="0" covered="3"/><counter type="METHOD" missed="0" covered="1"/></method><method name="reserveWasEmptied" desc="()V" line="883"><counter type="INSTRUCTION" missed="0" covered="14"/><counter type="BRANCH" missed="0" covered="2"/><counter type="LINE" missed="0" covered="3"/><counter type="COMPLEXITY" missed="0" covered="2"/><counter type="METHOD" missed="0" covered="1"/></method><method name="signalLocalOperationCompletion" desc="(Lhandist/collections/glb/GlbOperation;)V" line="897"><counter type="INSTRUCTION" missed="0" covered="21"/><counter type="LINE" missed="0" covered="5"/><counter type="COMPLEXITY" missed="0" covered="1"/><counter type="METHOD" missed="0" covered="1"/></method><method name="worker" desc="(Lhandist/collections/glb/GlbComputer$WorkerInfo;Lhandist/collections/glb/Assignment;)V" line="941"><counter type="INSTRUCTION" missed="23" covered="155"/><counter type="BRANCH" missed="1" covered="17"/><counter type="LINE" missed="4" covered="28"/><counter type="COMPLEXITY" missed="1" covered="9"/><counter type="METHOD" missed="0" covered="1"/></method><method name="lambda$newOperation$0" desc="(Lhandist/collections/glb/GlbOperation;Lhandist/collections/dist/DistributedCollection;)Ljava/util/concurrent/ConcurrentHashMap;" line="733"><counter type="INSTRUCTION" missed="32" covered="36"/><counter type="BRANCH" missed="1" covered="3"/><counter type="LINE" missed="6" covered="8"/><counter type="COMPLEXITY" missed="1" covered="2"/><counter type="METHOD" missed="0" covered="1"/></method><method name="lambda$lifelineAnswer$b898112$1" desc="(Lhandist/collections/glb/GlbOperation;)V" line="714"><counter type="INSTRUCTION" missed="0" covered="4"/><counter type="LINE" missed="0" covered="1"/><counter type="COMPLEXITY" missed="0" covered="1"/><counter type="METHOD" missed="0" covered="1"/></method><method name="lambda$establishingLifelineOnRemoteHost$e0c83d0b$1" desc="(Lhandist/collections/glb/GlbComputer$LifelineToken;)V" line="629"><counter type="INSTRUCTION" missed="21" covered="9"/><counter type="BRANCH" missed="1" covered="1"/><counter type="LINE" missed="3" covered="4"/><counter type="COMPLEXITY" missed="1" covered="1"/><counter type="METHOD" missed="0" covered="1"/></method><method name="lambda$attemptToSpawnWorker$4128462c$1" desc="(Lhandist/collections/glb/GlbComputer$WorkerInfo;Lhandist/collections/glb/Assignment;)V" line="587"><counter type="INSTRUCTION" missed="0" covered="5"/><counter type="LINE" missed="0" covered="1"/><counter type="COMPLEXITY" missed="0" covered="1"/><counter type="METHOD" missed="0" covered="1"/></method><method name="lambda$initializeComputer$4eb2b7$1" desc="(Lhandist/collections/dist/DistLog;)Lhandist/collections/glb/GlbComputer;" line="377"><counter type="INSTRUCTION" missed="27" covered="13"/><counter type="BRANCH" missed="2" covered="2"/><counter type="LINE" missed="2" covered="5"/><counter type="COMPLEXITY" missed="2" covered="1"/><counter type="METHOD" missed="0" covered="1"/></method><method name="lambda$destroyGlbComputer$431d408b$1" desc="()V" line="339"><counter type="INSTRUCTION" missed="0" covered="3"/><counter type="LINE" missed="0" covered="2"/><counter type="COMPLEXITY" missed="0" covered="1"/><counter type="METHOD" missed="0" covered="1"/></method><method name="&lt;clinit&gt;" desc="()V" line="308"><counter type="INSTRUCTION" missed="0" covered="8"/><counter type="LINE" missed="0" covered="2"/><counter type="COMPLEXITY" missed="0" covered="1"/><counter type="METHOD" missed="0" covered="1"/></method><counter type="INSTRUCTION" missed="190" covered="697"/><counter type="BRANCH" missed="12" covered="54"/><counter type="LINE" missed="25" covered="152"/><counter type="COMPLEXITY" missed="12" covered="41"/><counter type="METHOD" missed="0" covered="20"/><counter type="CLASS" missed="0" covered="1"/></class><class name="handist/collections/glb/GlbComputer$LifelineToken" sourcefilename="GlbComputer.java"><method name="&lt;init&gt;" desc="(Lhandist/collections/dist/DistributedCollection;Lapgas/Place;)V" line="78"><counter type="INSTRUCTION" missed="0" covered="9"/><counter type="LINE" missed="0" covered="4"/><counter type="COMPLEXITY" missed="0" covered="1"/><counter type="METHOD" missed="0" covered="1"/></method><method name="toString" desc="()Ljava/lang/String;" line="85"><counter type="INSTRUCTION" missed="17" covered="0"/><counter type="LINE" missed="1" covered="0"/><counter type="COMPLEXITY" missed="1" covered="0"/><counter type="METHOD" missed="1" covered="0"/></method><counter type="INSTRUCTION" missed="17" covered="9"/><counter type="LINE" missed="1" covered="4"/><counter type="COMPLEXITY" missed="1" covered="1"/><counter type="METHOD" missed="1" covered="1"/><counter type="CLASS" missed="0" covered="1"/></class><class name="handist/collections/glb/GlbComputer$WorkerInfo" sourcefilename="GlbComputer.java"><method name="&lt;init&gt;" desc="(Lhandist/collections/glb/GlbComputer;I)V" line="165"><counter type="INSTRUCTION" missed="0" covered="14"/><counter type="LINE" missed="0" covered="4"/><counter type="COMPLEXITY" missed="0" covered="1"/><counter type="METHOD" missed="0" covered="1"/></method><method name="attachOperationObject" desc="(Ljava/lang/Object;Ljava/lang/Object;)V" line="172"><counter type="INSTRUCTION" missed="0" covered="7"/><counter type="LINE" missed="0" covered="2"/><counter type="COMPLEXITY" missed="0" covered="1"/><counter type="METHOD" missed="0" covered="1"/></method><method name="retrieveOperationObject" desc="(Ljava/lang/Object;)Ljava/lang/Object;" line="177"><counter type="INSTRUCTION" missed="0" covered="5"/><counter type="LINE" missed="0" covered="1"/><counter type="COMPLEXITY" missed="0" covered="1"/><counter type="METHOD" missed="0" covered="1"/></method><method name="throwableInOperation" desc="(Ljava/lang/Throwable;)V" line="183"><counter type="INSTRUCTION" missed="0" covered="20"/><counter type="LINE" missed="0" covered="5"/><counter type="COMPLEXITY" missed="0" covered="1"/><counter type="METHOD" missed="0" covered="1"/></method><method name="lambda$throwableInOperation$0" desc="(Lhandist/collections/glb/GlbOperation;)Ljava/util/ArrayList;" line="186"><counter type="INSTRUCTION" missed="0" covered="4"/><counter type="LINE" missed="0" covered="1"/><counter type="COMPLEXITY" missed="0" covered="1"/><counter type="METHOD" missed="0" covered="1"/></method><counter type="INSTRUCTION" missed="0" covered="50"/><counter type="LINE" missed="0" covered="12"/><counter type="COMPLEXITY" missed="0" covered="5"/><counter type="METHOD" missed="0" covered="5"/><counter type="CLASS" missed="0" covered="1"/></class><class name="handist/collections/glb/GlbOperation$OperationCompletionManagedBlocker" sourcefilename="GlbOperation.java"><method name="&lt;init&gt;" desc="()V" line="75"><counter type="INSTRUCTION" missed="0" covered="6"/><counter type="LINE" missed="0" covered="3"/><counter type="COMPLEXITY" missed="0" covered="1"/><counter type="METHOD" missed="0" covered="1"/></method><method name="block" desc="()Z" line="81"><counter type="INSTRUCTION" missed="1" covered="9"/><counter type="BRANCH" missed="1" covered="1"/><counter type="LINE" missed="1" covered="4"/><counter type="COMPLEXITY" missed="1" covered="1"/><counter type="METHOD" missed="0" covered="1"/></method><method name="isReleasable" desc="()Z" line="93"><counter type="INSTRUCTION" missed="0" covered="3"/><counter type="LINE" missed="0" covered="1"/><counter type="COMPLEXITY" missed="0" covered="1"/><counter type="METHOD" missed="0" covered="1"/></method><method name="unblock" desc="()V" line="97"><counter type="INSTRUCTION" missed="0" covered="6"/><counter type="LINE" missed="0" covered="3"/><counter type="COMPLEXITY" missed="0" covered="1"/><counter type="METHOD" missed="0" covered="1"/></method><counter type="INSTRUCTION" missed="1" covered="24"/><counter type="BRANCH" missed="1" covered="1"/><counter type="LINE" missed="1" covered="11"/><counter type="COMPLEXITY" missed="1" covered="4"/><counter type="METHOD" missed="0" covered="4"/><counter type="CLASS" missed="0" covered="1"/></class><class name="handist/collections/glb/OperationBlocker" sourcefilename="OperationBlocker.java"><method name="&lt;init&gt;" desc="()V" line="50"><counter type="INSTRUCTION" missed="0" covered="15"/><counter type="LINE" missed="0" covered="4"/><counter type="COMPLEXITY" missed="0" covered="1"/><counter type="METHOD" missed="0" covered="1"/></method><method name="allowedToBlock" desc="()Z" line="71"><counter type="INSTRUCTION" missed="0" covered="4"/><counter type="LINE" missed="0" covered="1"/><counter type="COMPLEXITY" missed="0" covered="1"/><counter type="METHOD" missed="0" covered="1"/></method><method name="block" desc="()Z" line="81"><counter type="INSTRUCTION" missed="0" covered="5"/><counter type="LINE" missed="0" covered="2"/><counter type="COMPLEXITY" missed="0" covered="1"/><counter type="METHOD" missed="0" covered="1"/></method><method name="isReleasable" desc="()Z" line="92"><counter type="INSTRUCTION" missed="0" covered="6"/><counter type="LINE" missed="0" covered="2"/><counter type="COMPLEXITY" missed="0" covered="1"/><counter type="METHOD" missed="0" covered="1"/></method><method name="unblock" desc="()V" line="110"><counter type="INSTRUCTION" missed="10" covered="9"/><counter type="BRANCH" missed="1" covered="1"/><counter type="LINE" missed="1" covered="4"/><counter type="COMPLEXITY" missed="1" covered="1"/><counter type="METHOD" missed="0" covered="1"/></method><counter type="INSTRUCTION" missed="10" covered="39"/><counter type="BRANCH" missed="1" covered="1"/><counter type="LINE" missed="1" covered="13"/><counter type="COMPLEXITY" missed="1" covered="5"/><counter type="METHOD" missed="0" covered="5"/><counter type="CLASS" missed="0" covered="1"/></class><class name="handist/collections/glb/DistFuture" sourcefilename="DistFuture.java"><method name="&lt;init&gt;" desc="(Ljava/lang/Object;)V" line="43"><counter type="INSTRUCTION" missed="0" covered="6"/><counter type="LINE" missed="0" covered="3"/><counter type="COMPLEXITY" missed="0" covered="1"/><counter type="METHOD" missed="0" covered="1"/></method><method name="after" desc="(Lhandist/collections/glb/DistFuture;)Lhandist/collections/glb/DistFuture;" line="58"><counter type="INSTRUCTION" missed="0" covered="8"/><counter type="LINE" missed="0" covered="2"/><counter type="COMPLEXITY" missed="0" covered="1"/><counter type="METHOD" missed="0" covered="1"/></method><method name="getErrors" desc="()Ljava/util/List;" line="72"><counter type="INSTRUCTION" missed="0" covered="10"/><counter type="BRANCH" missed="1" covered="1"/><counter type="LINE" missed="0" covered="3"/><counter type="COMPLEXITY" missed="1" covered="1"/><counter type="METHOD" missed="0" covered="1"/></method><method name="getPriority" desc="()I" line="90"><counter type="INSTRUCTION" missed="0" covered="4"/><counter type="LINE" missed="0" covered="1"/><counter type="COMPLEXITY" missed="0" covered="1"/><counter type="METHOD" missed="0" covered="1"/></method><method name="result" desc="()Ljava/lang/Object;" line="100"><counter type="INSTRUCTION" missed="0" covered="9"/><counter type="BRANCH" missed="0" covered="2"/><counter type="LINE" missed="0" covered="3"/><counter type="COMPLEXITY" missed="0" covered="2"/><counter type="METHOD" missed="0" covered="1"/></method><method name="setPriority" desc="(I)Lhandist/collections/glb/DistFuture;" line="137"><counter type="INSTRUCTION" missed="0" covered="16"/><counter type="BRANCH" missed="0" covered="2"/><counter type="LINE" missed="0" covered="4"/><counter type="COMPLEXITY" missed="0" covered="2"/><counter type="METHOD" missed="0" covered="1"/></method><method name="waitGlobalTermination" desc="()V" line="153"><counter type="INSTRUCTION" missed="0" covered="4"/><counter type="LINE" missed="0" covered="2"/><counter type="COMPLEXITY" missed="0" covered="1"/><counter type="METHOD" missed="0" covered="1"/></method><counter type="INSTRUCTION" missed="0" covered="57"/><counter type="BRANCH" missed="1" covered="5"/><counter type="LINE" missed="0" covered="18"/><counter type="COMPLEXITY" missed="1" covered="9"/><counter type="METHOD" missed="0" covered="7"/><counter type="CLASS" missed="0" covered="1"/></class><class name="handist/collections/glb/AbstractGlbHandle" sourcefilename="AbstractGlbHandle.java"><method name="&lt;init&gt;" desc="()V" line="24"><counter type="INSTRUCTION" missed="0" covered="3"/><counter type="LINE" missed="0" covered="1"/><counter type="COMPLEXITY" missed="0" covered="1"/><counter type="METHOD" missed="0" covered="1"/></method><method name="getGlb" desc="()Lhandist/collections/glb/GlobalLoadBalancer;" line="46"><counter type="INSTRUCTION" missed="0" covered="11"/><counter type="BRANCH" missed="0" covered="2"/><counter type="LINE" missed="0" covered="4"/><counter type="COMPLEXITY" missed="0" covered="2"/><counter type="METHOD" missed="0" covered="1"/></method><method name="setLifeline" desc="(Ljava/lang/Class;)V" line="62"><counter type="INSTRUCTION" missed="4" covered="0"/><counter type="LINE" missed="2" covered="0"/><counter type="COMPLEXITY" missed="1" covered="0"/><counter type="METHOD" missed="1" covered="0"/></method><counter type="INSTRUCTION" missed="4" covered="14"/><counter type="BRANCH" missed="0" covered="2"/><counter type="LINE" missed="2" covered="5"/><counter type="COMPLEXITY" missed="1" covered="3"/><counter type="METHOD" missed="1" covered="2"/><counter type="CLASS" missed="0" covered="1"/></class><class name="handist/collections/glb/GlbTask" sourcefilename="GlbTask.java"/><class name="handist/collections/glb/DistColGlbTask$DistColAssignment" sourcefilename="DistColGlbTask.java"><method name="&lt;init&gt;" desc="(Lhandist/collections/LongRange;Lhandist/collections/glb/DistColGlbTask;)V" line="96"><counter type="INSTRUCTION" missed="0" covered="17"/><counter type="LINE" missed="0" covered="6"/><counter type="COMPLEXITY" missed="0" covered="1"/><counter type="METHOD" missed="0" covered="1"/></method><method name="chooseOperationToProgress" desc="()Lhandist/collections/glb/GlbOperation;" line="114"><counter type="INSTRUCTION" missed="0" covered="5"/><counter type="LINE" missed="0" covered="1"/><counter type="COMPLEXITY" missed="0" covered="1"/><counter type="METHOD" missed="0" covered="1"/></method><method name="isSplittable" desc="(I)Z" line="131"><counter type="INSTRUCTION" missed="2" covered="34"/><counter type="BRANCH" missed="1" covered="5"/><counter type="LINE" missed="1" covered="6"/><counter type="COMPLEXITY" missed="1" covered="3"/><counter type="METHOD" missed="0" covered="1"/></method><method name="priority" desc="()I" line="148"><counter type="INSTRUCTION" missed="3" covered="0"/><counter type="LINE" missed="1" covered="0"/><counter type="COMPLEXITY" missed="1" covered="0"/><counter type="METHOD" missed="1" covered="0"/></method><method name="process" desc="(ILhandist/collections/glb/WorkerService;Lhandist/collections/glb/GlbOperation;)Z" line="165"><counter type="INSTRUCTION" missed="0" covered="103"/><counter type="BRANCH" missed="0" covered="8"/><counter type="LINE" missed="0" covered="21"/><counter type="COMPLEXITY" missed="0" covered="5"/><counter type="METHOD" missed="0" covered="1"/></method><method name="setParent" desc="(Lhandist/collections/glb/DistColGlbTask;)V" line="218"><counter type="INSTRUCTION" missed="0" covered="4"/><counter type="LINE" missed="0" covered="2"/><counter type="COMPLEXITY" missed="0" covered="1"/><counter type="METHOD" missed="0" covered="1"/></method><method name="splitIntoGlbTask" desc="()V" line="231"><counter type="INSTRUCTION" missed="12" covered="134"/><counter type="BRANCH" missed="2" covered="6"/><counter type="LINE" missed="2" covered="23"/><counter type="COMPLEXITY" missed="2" covered="3"/><counter type="METHOD" missed="0" covered="1"/></method><method name="toString" desc="()Ljava/lang/String;" line="298"><counter type="INSTRUCTION" missed="4" covered="0"/><counter type="LINE" missed="1" covered="0"/><counter type="COMPLEXITY" missed="1" covered="0"/><counter type="METHOD" missed="1" covered="0"/></method><method name="updatePriority" desc="()V" line="309"><counter type="INSTRUCTION" missed="2" covered="13"/><counter type="BRANCH" missed="1" covered="1"/><counter type="LINE" missed="0" covered="3"/><counter type="COMPLEXITY" missed="1" covered="1"/><counter type="METHOD" missed="0" covered="1"/></method><counter type="INSTRUCTION" missed="23" covered="310"/><counter type="BRANCH" missed="4" covered="20"/><counter type="LINE" missed="5" covered="62"/><counter type="COMPLEXITY" missed="6" covered="15"/><counter type="METHOD" missed="2" covered="7"/><counter type="CLASS" missed="0" covered="1"/></class><class name="handist/collections/glb/GlobalLoadBalancer" sourcefilename="GlobalLoadBalancer.java"><method name="getPreviousLog" desc="()Lhandist/collections/dist/DistLog;" line="114"><counter type="INSTRUCTION" missed="2" covered="0"/><counter type="LINE" missed="1" covered="0"/><counter type="COMPLEXITY" missed="1" covered="0"/><counter type="METHOD" missed="1" covered="0"/></method><method name="start" desc="()V" line="131"><counter type="INSTRUCTION" missed="0" covered="33"/><counter type="BRANCH" missed="0" covered="6"/><counter type="LINE" missed="0" covered="10"/><counter type="COMPLEXITY" missed="0" covered="4"/><counter type="METHOD" missed="0" covered="1"/></method><method name="startAndWait" desc="(Lhandist/collections/glb/GlbOperation;)V" line="154"><counter type="INSTRUCTION" missed="3" covered="30"/><counter type="BRANCH" missed="0" covered="4"/><counter type="LINE" missed="2" covered="12"/><counter type="COMPLEXITY" missed="0" covered="3"/><counter type="METHOD" missed="0" covered="1"/></method><method name="underGLB" desc="(Lhandist/collections/dist/DistLog;Lapgas/SerializableJob;)Ljava/util/ArrayList;" line="187"><counter type="INSTRUCTION" missed="5" covered="38"/><counter type="BRANCH" missed="1" covered="1"/><counter type="LINE" missed="1" covered="12"/><counter type="COMPLEXITY" missed="1" covered="1"/><counter type="METHOD" missed="0" covered="1"/></method><method name="underGLB" desc="(Lapgas/SerializableJob;)Ljava/util/ArrayList;" line="235"><counter type="INSTRUCTION" missed="0" covered="6"/><counter type="LINE" missed="0" covered="1"/><counter type="COMPLEXITY" missed="0" covered="1"/><counter type="METHOD" missed="0" covered="1"/></method><method name="&lt;init&gt;" desc="()V" line="248"><counter type="INSTRUCTION" missed="0" covered="8"/><counter type="LINE" missed="0" covered="3"/><counter type="COMPLEXITY" missed="0" covered="1"/><counter type="METHOD" missed="0" covered="1"/></method><method name="scheduleOperationAfter" desc="(Lhandist/collections/glb/GlbOperation;Lhandist/collections/glb/GlbOperation;)V" line="260"><counter type="INSTRUCTION" missed="0" covered="4"/><counter type="LINE" missed="0" covered="2"/><counter type="COMPLEXITY" missed="0" covered="1"/><counter type="METHOD" missed="0" covered="1"/></method><method name="submit" desc="(Lhandist/collections/glb/GlbOperation;)V" line="270"><counter type="INSTRUCTION" missed="0" covered="6"/><counter type="LINE" missed="0" covered="2"/><counter type="COMPLEXITY" missed="0" covered="1"/><counter type="METHOD" missed="0" covered="1"/></method><method name="lambda$underGLB$1" desc="(Lapgas/SerializableJob;Ljava/util/ArrayList;)V" line="201"><counter type="INSTRUCTION" missed="0" covered="15"/><counter type="LINE" missed="0" covered="8"/><counter type="COMPLEXITY" missed="0" covered="1"/><counter type="METHOD" missed="0" covered="1"/></method><method name="lambda$startAndWait$89874cdf$1" desc="(Lhandist/collections/glb/GlbOperation$OperationCompletionManagedBlocker;)V" line="160"><counter type="INSTRUCTION" missed="0" covered="3"/><counter type="LINE" missed="0" covered="1"/><counter type="COMPLEXITY" missed="0" covered="1"/><counter type="METHOD" missed="0" covered="1"/></method><method name="lambda$start$0" desc="(Lhandist/collections/glb/GlbOperation;)V" line="140"><counter type="INSTRUCTION" missed="0" covered="3"/><counter type="LINE" missed="0" covered="1"/><counter type="COMPLEXITY" missed="0" covered="1"/><counter type="METHOD" missed="0" covered="1"/></method><method name="&lt;clinit&gt;" desc="()V" line="95"><counter type="INSTRUCTION" missed="0" covered="5"/><counter type="LINE" missed="0" covered="2"/><counter type="COMPLEXITY" missed="0" covered="1"/><counter type="METHOD" missed="0" covered="1"/></method><counter type="INSTRUCTION" missed="10" covered="151"/><counter type="BRANCH" missed="1" covered="11"/><counter type="LINE" missed="4" covered="52"/><counter type="COMPLEXITY" missed="2" covered="16"/><counter type="METHOD" missed="1" covered="11"/><counter type="CLASS" missed="0" covered="1"/></class><class name="handist/collections/glb/Config" sourcefilename="Config.java"><method name="&lt;init&gt;" desc="()V" line="29"><counter type="INSTRUCTION" missed="3" covered="0"/><counter type="LINE" missed="1" covered="0"/><counter type="COMPLEXITY" missed="1" covered="0"/><counter type="METHOD" missed="1" covered="0"/></method><method name="getGranularity" desc="()I" line="96"><counter type="INSTRUCTION" missed="0" covered="10"/><counter type="BRANCH" missed="0" covered="2"/><counter type="LINE" missed="0" covered="3"/><counter type="COMPLEXITY" missed="0" covered="2"/><counter type="METHOD" missed="0" covered="1"/></method><method name="getLifelineClassName" desc="()Ljava/lang/String;" line="109"><counter type="INSTRUCTION" missed="0" covered="4"/><counter type="LINE" missed="0" covered="1"/><counter type="COMPLEXITY" missed="0" covered="1"/><counter type="METHOD" missed="0" covered="1"/></method><method name="getLifelineSerializationMode" desc="()Lhandist/collections/glb/Config$LifelineAnswerMode;" line="118"><counter type="INSTRUCTION" missed="0" covered="12"/><counter type="BRANCH" missed="0" covered="2"/><counter type="LINE" missed="0" covered="4"/><counter type="COMPLEXITY" missed="0" covered="2"/><counter type="METHOD" missed="0" covered="1"/></method><method name="getMaximumConcurrentWorkers" desc="()I" line="135"><counter type="INSTRUCTION" missed="0" covered="11"/><counter type="BRANCH" missed="0" covered="2"/><counter type="LINE" missed="0" covered="3"/><counter type="COMPLEXITY" missed="0" covered="2"/><counter type="METHOD" missed="0" covered="1"/></method><method name="printConfiguration" desc="(Ljava/io/PrintStream;)V" line="149"><counter type="INSTRUCTION" missed="41" covered="0"/><counter type="LINE" missed="5" covered="0"/><counter type="COMPLEXITY" missed="1" covered="0"/><counter type="METHOD" missed="1" covered="0"/></method><method name="&lt;clinit&gt;" desc="()V" line="64"><counter type="INSTRUCTION" missed="0" covered="4"/><counter type="LINE" missed="0" covered="1"/><counter type="COMPLEXITY" missed="0" covered="1"/><counter type="METHOD" missed="0" covered="1"/></method><counter type="INSTRUCTION" missed="44" covered="41"/><counter type="BRANCH" missed="0" covered="6"/><counter type="LINE" missed="6" covered="12"/><counter type="COMPLEXITY" missed="2" covered="8"/><counter type="METHOD" missed="2" covered="5"/><counter type="CLASS" missed="0" covered="1"/></class><sourcefile name="DistColGlb.java"><line nr="75" mi="0" ci="18" mb="0" cb="0"/><line nr="76" mi="0" ci="9" mb="0" cb="0"/><line nr="77" mi="0" ci="3" mb="0" cb="0"/><line nr="78" mi="0" ci="1" mb="0" cb="0"/><line nr="92" mi="0" ci="2" mb="0" cb="0"/><line nr="93" mi="0" ci="3" mb="0" cb="0"/><line nr="94" mi="0" ci="1" mb="0" cb="0"/><line nr="105" mi="0" ci="3" mb="0" cb="0"/><line nr="109" mi="0" ci="6" mb="0" cb="0"/><line nr="111" mi="0" ci="3" mb="0" cb="0"/><line nr="112" mi="0" ci="6" mb="0" cb="0"/><line nr="119" mi="0" ci="3" mb="0" cb="0"/><line nr="120" mi="0" ci="11" mb="0" cb="2"/><line nr="122" mi="0" ci="5" mb="0" cb="0"/><line nr="123" mi="0" ci="1" mb="0" cb="0"/><line nr="124" mi="0" ci="13" mb="0" cb="0"/><line nr="125" mi="0" ci="1" mb="0" cb="0"/><line nr="127" mi="0" ci="1" mb="0" cb="0"/><line nr="130" mi="0" ci="12" mb="0" cb="0"/><line nr="133" mi="0" ci="3" mb="0" cb="0"/><line nr="136" mi="0" ci="2" mb="0" cb="0"/><line nr="149" mi="0" ci="3" mb="0" cb="0"/><line nr="153" mi="0" ci="6" mb="0" cb="0"/><line nr="155" mi="0" ci="3" mb="0" cb="0"/><line nr="156" mi="0" ci="6" mb="0" cb="0"/><line nr="163" mi="0" ci="3" mb="0" cb="0"/><line nr="164" mi="0" ci="11" mb="0" cb="2"/><line nr="166" mi="0" ci="6" mb="0" cb="0"/><line nr="167" mi="1" ci="0" mb="0" cb="0"/><line nr="168" mi="13" ci="0" mb="0" cb="0"/><line nr="169" mi="0" ci="1" mb="0" cb="0"/><line nr="171" mi="0" ci="1" mb="0" cb="0"/><line nr="174" mi="0" ci="12" mb="0" cb="0"/><line nr="177" mi="0" ci="3" mb="0" cb="0"/><line nr="180" mi="0" ci="2" mb="0" cb="0"/><line nr="198" mi="0" ci="3" mb="0" cb="0"/><line nr="201" mi="0" ci="7" mb="0" cb="0"/><line nr="207" mi="0" ci="4" mb="0" cb="0"/><line nr="209" mi="0" ci="6" mb="0" cb="0"/><line nr="210" mi="0" ci="5" mb="0" cb="0"/><line nr="211" mi="0" ci="3" mb="0" cb="0"/><line nr="214" mi="0" ci="11" mb="0" cb="2"/><line nr="216" mi="0" ci="4" mb="0" cb="0"/><line nr="217" mi="0" ci="4" mb="0" cb="0"/><line nr="218" mi="0" ci="5" mb="0" cb="0"/><line nr="219" mi="1" ci="0" mb="0" cb="0"/><line nr="220" mi="9" ci="0" mb="0" cb="0"/><line nr="221" mi="0" ci="1" mb="0" cb="0"/><line nr="223" mi="0" ci="1" mb="0" cb="0"/><line nr="227" mi="0" ci="5" mb="0" cb="0"/><line nr="229" mi="0" ci="3" mb="0" cb="0"/><line nr="230" mi="0" ci="6" mb="0" cb="0"/><line nr="234" mi="0" ci="12" mb="0" cb="0"/><line nr="238" mi="0" ci="3" mb="0" cb="0"/><line nr="241" mi="0" ci="2" mb="0" cb="0"/><line nr="246" mi="0" ci="3" mb="0" cb="0"/><line nr="247" mi="0" ci="4" mb="0" cb="0"/><line nr="248" mi="0" ci="2" mb="0" cb="0"/><line nr="250" mi="0" ci="9" mb="0" cb="0"/><line nr="251" mi="0" ci="1" mb="0" cb="0"/><line nr="253" mi="0" ci="3" mb="0" cb="0"/><line nr="254" mi="0" ci="5" mb="0" cb="0"/><line nr="256" mi="0" ci="11" mb="0" cb="2"/><line nr="258" mi="0" ci="5" mb="0" cb="0"/><line nr="259" mi="1" ci="0" mb="0" cb="0"/><line nr="260" mi="13" ci="0" mb="0" cb="0"/><line nr="261" mi="0" ci="1" mb="0" cb="0"/><line nr="263" mi="0" ci="1" mb="0" cb="0"/><line nr="265" mi="0" ci="5" mb="0" cb="0"/><line nr="267" mi="0" ci="3" mb="0" cb="0"/><line nr="268" mi="0" ci="6" mb="0" cb="0"/><line nr="271" mi="0" ci="12" mb="0" cb="0"/><line nr="274" mi="0" ci="3" mb="0" cb="0"/><line nr="280" mi="0" ci="6" mb="0" cb="0"/><line nr="281" mi="0" ci="8" mb="0" cb="0"/><line nr="282" mi="0" ci="2" mb="0" cb="0"/><line nr="283" mi="0" ci="17" mb="0" cb="2"/><line nr="284" mi="0" ci="7" mb="0" cb="0"/><line nr="286" mi="0" ci="6" mb="0" cb="0"/><line nr="287" mi="0" ci="1" mb="0" cb="0"/><line nr="288" mi="0" ci="1" mb="0" cb="0"/><line nr="290" mi="0" ci="2" mb="0" cb="0"/><line nr="315" mi="0" ci="3" mb="0" cb="0"/><line nr="319" mi="0" ci="6" mb="1" cb="1"/><line nr="320" mi="5" ci="0" mb="0" cb="0"/><line nr="327" mi="0" ci="8" mb="0" cb="0"/><line nr="328" mi="0" ci="1" mb="0" cb="0"/><line nr="332" mi="0" ci="4" mb="0" cb="0"/><line nr="337" mi="0" ci="5" mb="0" cb="0"/><line nr="340" mi="0" ci="11" mb="0" cb="2"/><line nr="342" mi="0" ci="4" mb="0" cb="0"/><line nr="343" mi="0" ci="4" mb="0" cb="0"/><line nr="344" mi="1" ci="0" mb="0" cb="0"/><line nr="345" mi="13" ci="0" mb="0" cb="0"/><line nr="346" mi="0" ci="1" mb="0" cb="0"/><line nr="348" mi="0" ci="1" mb="0" cb="0"/><line nr="352" mi="0" ci="5" mb="0" cb="0"/><line nr="355" mi="0" ci="3" mb="0" cb="0"/><line nr="356" mi="0" ci="6" mb="0" cb="0"/><line nr="360" mi="0" ci="12" mb="0" cb="0"/><line nr="364" mi="0" ci="3" mb="0" cb="0"/><line nr="367" mi="0" ci="2" mb="0" cb="0"/><line nr="380" mi="0" ci="3" mb="0" cb="0"/><line nr="383" mi="0" ci="7" mb="0" cb="0"/><line nr="388" mi="0" ci="8" mb="0" cb="0"/><line nr="389" mi="0" ci="1" mb="0" cb="0"/><line nr="393" mi="0" ci="4" mb="0" cb="0"/><line nr="398" mi="0" ci="5" mb="0" cb="0"/><line nr="401" mi="0" ci="11" mb="0" cb="2"/><line nr="403" mi="0" ci="4" mb="0" cb="0"/><line nr="404" mi="0" ci="4" mb="0" cb="0"/><line nr="405" mi="0" ci="3" mb="0" cb="0"/><line nr="406" mi="1" ci="0" mb="0" cb="0"/><line nr="407" mi="13" ci="0" mb="0" cb="0"/><line nr="408" mi="0" ci="1" mb="0" cb="0"/><line nr="410" mi="0" ci="1" mb="0" cb="0"/><line nr="414" mi="0" ci="5" mb="0" cb="0"/><line nr="417" mi="0" ci="3" mb="0" cb="0"/><line nr="418" mi="0" ci="6" mb="0" cb="0"/><line nr="422" mi="0" ci="12" mb="0" cb="0"/><line nr="426" mi="0" ci="3" mb="0" cb="0"/><line nr="429" mi="0" ci="2" mb="0" cb="0"/><counter type="INSTRUCTION" missed="71" covered="535"/><counter type="BRANCH" missed="1" covered="15"/><counter type="LINE" missed="11" covered="111"/><counter type="COMPLEXITY" missed="1" covered="32"/><counter type="METHOD" missed="0" covered="25"/><counter type="CLASS" missed="0" covered="2"/></sourcefile><sourcefile name="DistFuture.java"><line nr="43" mi="0" ci="2" mb="0" cb="0"/><line nr="44" mi="0" ci="3" mb="0" cb="0"/><line nr="45" mi="0" ci="1" mb="0" cb="0"/><
[...]
 mb="0" cb="0"/><line nr="172" mi="0" ci="1" mb="0" cb="0"/><line nr="173" mi="0" ci="1" mb="0" cb="0"/><line nr="174" mi="0" ci="4" mb="0" cb="0"/><line nr="175" mi="0" ci="4" mb="1" cb="1"/><line nr="176" mi="1" ci="0" mb="0" cb="0"/><line nr="179" mi="0" ci="4" mb="0" cb="0"/><line nr="180" mi="0" ci="5" mb="0" cb="0"/><line nr="181" mi="0" ci="10" mb="0" cb="2"/><line nr="182" mi="0" ci="5" mb="0" cb="0"/><line nr="184" mi="0" ci="3" mb="0" cb="0"/><line nr="185" mi="0" ci="4" mb="0" cb="0"/><line nr="186" mi="0" ci="1" mb="0" cb="0"/><line nr="187" mi="0" ci="1" mb="0" cb="0"/><line nr="188" mi="0" ci="1" mb="0" cb="0"/><line nr="189" mi="0" ci="5" mb="0" cb="0"/><line nr="190" mi="0" ci="1" mb="0" cb="0"/><line nr="193" mi="0" ci="6" mb="0" cb="0"/><line nr="194" mi="0" ci="6" mb="0" cb="0"/><line nr="195" mi="0" ci="2" mb="0" cb="0"/><line nr="196" mi="0" ci="1" mb="0" cb="0"/><line nr="200" mi="0" ci="7" mb="0" cb="0"/><line nr="201" mi="0" ci="1" mb="0" cb="0"/><line nr="207" mi="1" ci="0" mb="0" cb="0"/><line nr="212" mi="0" ci="4" mb="0" cb="0"/><line nr="213" mi="0" ci="10" mb="0" cb="2"/><line nr="214" mi="0" ci="7" mb="0" cb="0"/><line nr="215" mi="0" ci="3" mb="0" cb="0"/><line nr="216" mi="0" ci="4" mb="0" cb="2"/><line nr="217" mi="0" ci="4" mb="0" cb="0"/><line nr="218" mi="0" ci="5" mb="0" cb="0"/><line nr="219" mi="0" ci="12" mb="1" cb="3"/><line nr="220" mi="4" ci="0" mb="2" cb="0"/><line nr="221" mi="4" ci="0" mb="0" cb="0"/><line nr="222" mi="4" ci="0" mb="0" cb="0"/><line nr="223" mi="4" ci="0" mb="0" cb="0"/><line nr="224" mi="1" ci="0" mb="0" cb="0"/><line nr="225" mi="4" ci="0" mb="0" cb="0"/><line nr="228" mi="0" ci="12" mb="0" cb="2"/><line nr="229" mi="0" ci="22" mb="0" cb="2"/><line nr="231" mi="0" ci="7" mb="1" cb="1"/><line nr="232" mi="0" ci="4" mb="0" cb="0"/><line nr="233" mi="0" ci="4" mb="0" cb="0"/><line nr="234" mi="0" ci="4" mb="0" cb="0"/><line nr="235" mi="0" ci="1" mb="0" cb="0"/><line nr="236" mi="4" ci="0" mb="0" cb="0"/><line nr="239" mi="0" ci="1" mb="0" cb="0"/><line nr="240" mi="0" ci="1" mb="0" cb="0"/><line nr="241" mi="0" ci="2" mb="0" cb="0"/><line nr="245" mi="5" ci="0" mb="0" cb="0"/><line nr="246" mi="1" ci="0" mb="0" cb="0"/><line nr="249" mi="0" ci="8" mb="0" cb="0"/><line nr="250" mi="0" ci="8" mb="0" cb="2"/><line nr="251" mi="0" ci="5" mb="1" cb="1"/><line nr="252" mi="0" ci="4" mb="0" cb="0"/><line nr="254" mi="0" ci="3" mb="0" cb="0"/><line nr="256" mi="0" ci="1" mb="0" cb="0"/><line nr="257" mi="0" ci="1" mb="0" cb="0"/><line nr="260" mi="8" ci="0" mb="0" cb="0"/><line nr="261" mi="8" ci="0" mb="2" cb="0"/><line nr="262" mi="5" ci="0" mb="2" cb="0"/><line nr="263" mi="4" ci="0" mb="0" cb="0"/><line nr="265" mi="3" ci="0" mb="0" cb="0"/><line nr="267" mi="1" ci="0" mb="0" cb="0"/><line nr="268" mi="1" ci="0" mb="0" cb="0"/><line nr="271" mi="0" ci="6" mb="0" cb="0"/><line nr="277" mi="10" ci="0" mb="2" cb="0"/><line nr="278" mi="4" ci="0" mb="0" cb="0"/><line nr="279" mi="1" ci="0" mb="0" cb="0"/><line nr="280" mi="5" ci="0" mb="0" cb="0"/><line nr="281" mi="1" ci="0" mb="0" cb="0"/><line nr="284" mi="0" ci="6" mb="0" cb="0"/><line nr="285" mi="0" ci="6" mb="0" cb="0"/><line nr="287" mi="0" ci="2" mb="0" cb="0"/><line nr="288" mi="1" ci="0" mb="0" cb="0"/><line nr="289" mi="2" ci="0" mb="0" cb="0"/><line nr="290" mi="5" ci="0" mb="0" cb="0"/><line nr="291" mi="0" ci="1" mb="0" cb="0"/><line nr="292" mi="0" ci="1" mb="0" cb="0"/><line nr="296" mi="0" ci="2" mb="0" cb="0"/><line nr="297" mi="0" ci="12" mb="0" cb="2"/><line nr="298" mi="0" ci="4" mb="0" cb="2"/><line nr="299" mi="0" ci="1" mb="0" cb="0"/><line nr="301" mi="0" ci="5" mb="0" cb="0"/><line nr="302" mi="0" ci="4" mb="0" cb="0"/><line nr="303" mi="0" ci="4" mb="0" cb="0"/><line nr="304" mi="0" ci="10" mb="0" cb="2"/><line nr="305" mi="0" ci="4" mb="0" cb="0"/><line nr="306" mi="0" ci="5" mb="0" cb="0"/><line nr="307" mi="0" ci="5" mb="0" cb="0"/><line nr="308" mi="0" ci="1" mb="0" cb="0"/><line nr="309" mi="0" ci="1" mb="0" cb="0"/><line nr="310" mi="0" ci="1" mb="0" cb="0"/><line nr="311" mi="0" ci="4" mb="0" cb="0"/><line nr="312" mi="0" ci="3" mb="0" cb="0"/><line nr="313" mi="0" ci="7" mb="0" cb="2"/><line nr="314" mi="0" ci="4" mb="0" cb="0"/><line nr="315" mi="0" ci="4" mb="1" cb="1"/><line nr="316" mi="11" ci="0" mb="0" cb="0"/><line nr="317" mi="5" ci="0" mb="0" cb="0"/><line nr="319" mi="0" ci="6" mb="0" cb="0"/><line nr="321" mi="0" ci="3" mb="0" cb="0"/><line nr="322" mi="0" ci="4" mb="0" cb="0"/><line nr="323" mi="0" ci="1" mb="0" cb="0"/><line nr="325" mi="0" ci="1" mb="0" cb="0"/><line nr="326" mi="0" ci="5" mb="0" cb="0"/><line nr="327" mi="0" ci="1" mb="0" cb="0"/><line nr="328" mi="0" ci="1" mb="0" cb="0"/><line nr="332" mi="0" ci="3" mb="0" cb="0"/><line nr="333" mi="0" ci="4" mb="0" cb="0"/><line nr="337" mi="0" ci="4" mb="0" cb="0"/><line nr="338" mi="0" ci="10" mb="0" cb="2"/><line nr="339" mi="0" ci="7" mb="0" cb="0"/><line nr="340" mi="0" ci="5" mb="1" cb="1"/><line nr="341" mi="5" ci="0" mb="0" cb="0"/><line nr="343" mi="0" ci="6" mb="0" cb="0"/><line nr="345" mi="0" ci="1" mb="0" cb="0"/><line nr="346" mi="0" ci="1" mb="0" cb="0"/><line nr="347" mi="0" ci="2" mb="0" cb="0"/><line nr="351" mi="0" ci="4" mb="0" cb="0"/><line nr="352" mi="0" ci="10" mb="0" cb="2"/><line nr="353" mi="0" ci="9" mb="0" cb="0"/><line nr="354" mi="0" ci="8" mb="0" cb="2"/><line nr="355" mi="0" ci="5" mb="1" cb="1"/><line nr="356" mi="5" ci="0" mb="0" cb="0"/><line nr="358" mi="0" ci="6" mb="0" cb="0"/><line nr="361" mi="0" ci="1" mb="0" cb="0"/><line nr="362" mi="0" ci="1" mb="0" cb="0"/><line nr="363" mi="0" ci="2" mb="0" cb="0"/><line nr="368" mi="5" ci="0" mb="0" cb="0"/><line nr="372" mi="6" ci="0" mb="0" cb="0"/><line nr="373" mi="5" ci="0" mb="0" cb="0"/><line nr="374" mi="2" ci="0" mb="0" cb="0"/><line nr="375" mi="1" ci="0" mb="0" cb="0"/><line nr="378" mi="5" ci="0" mb="0" cb="0"/><line nr="379" mi="1" ci="0" mb="0" cb="0"/><line nr="382" mi="6" ci="0" mb="0" cb="0"/><line nr="383" mi="4" ci="0" mb="0" cb="0"/><line nr="384" mi="2" ci="0" mb="0" cb="0"/><line nr="385" mi="1" ci="0" mb="0" cb="0"/><line nr="411" mi="0" ci="4" mb="0" cb="0"/><line nr="412" mi="0" ci="3" mb="0" cb="0"/><line nr="413" mi="0" ci="3" mb="0" cb="0"/><line nr="414" mi="0" ci="1" mb="0" cb="0"/><line nr="415" mi="0" ci="3" mb="0" cb="0"/><line nr="417" mi="0" ci="4" mb="0" cb="0"/><line nr="418" mi="0" ci="4" mb="0" cb="0"/><line nr="419" mi="0" ci="1" mb="0" cb="0"/><line nr="420" mi="0" ci="5" mb="0" cb="0"/><line nr="421" mi="0" ci="1" mb="0" cb="0"/><line nr="424" mi="0" ci="6" mb="0" cb="0"/><line nr="425" mi="0" ci="5" mb="0" cb="0"/><line nr="426" mi="0" ci="2" mb="0" cb="0"/><line nr="427" mi="0" ci="1" mb="0" cb="0"/><line nr="430" mi="5" ci="0" mb="0" cb="0"/><line nr="431" mi="1" ci="0" mb="0" cb="0"/><line nr="434" mi="6" ci="0" mb="0" cb="0"/><line nr="439" mi="0" ci="4" mb="0" cb="0"/><line nr="440" mi="0" ci="3" mb="0" cb="0"/><line nr="441" mi="0" ci="9" mb="0" cb="0"/><line nr="442" mi="0" ci="6" mb="0" cb="0"/><counter type="INSTRUCTION" missed="240" covered="678"/><counter type="BRANCH" missed="18" covered="46"/><counter type="LINE" missed="58" covered="164"/><counter type="COMPLEXITY" missed="31" covered="58"/><counter type="METHOD" missed="17" covered="40"/><counter type="CLASS" missed="0" covered="1"/></sourcefile><counter type="INSTRUCTION" missed="5804" covered="7020"/><counter type="BRANCH" missed="454" covered="402"/><counter type="LINE" missed="1172" covered="1610"/><counter type="COMPLEXITY" missed="518" covered="544"/><counter type="METHOD" missed="253" covered="380"/><counter type="CLASS" missed="10" covered="38"/></package><package name="handist/collections/glb/lifeline"><class name="handist/collections/glb/lifeline/Hypercube" sourcefilename="Hypercube.java"><method name="&lt;init&gt;" desc="(Lhandist/collections/dist/TeamedPlaceGroup;)V" line="43"><counter type="INSTRUCTION" missed="0" covered="4"/><counter type="LINE" missed="0" covered="2"/><counter type="COMPLEXITY" missed="0" covered="1"/><counter type="METHOD" missed="0" covered="1"/></method><method name="lifeline" desc="(Lapgas/Place;)Ljava/util/List;" line="48"><counter type="INSTRUCTION" missed="0" covered="34"/><counter type="BRANCH" missed="0" covered="2"/><counter type="LINE" missed="0" covered="7"/><counter type="COMPLEXITY" missed="0" covered="2"/><counter type="METHOD" missed="0" covered="1"/></method><method name="reverseLifeline" desc="(Lapgas/Place;)Ljava/util/List;" line="70"><counter type="INSTRUCTION" missed="0" covered="4"/><counter type="LINE" missed="0" covered="1"/><counter type="COMPLEXITY" missed="0" covered="1"/><counter type="METHOD" missed="0" covered="1"/></method><counter type="INSTRUCTION" missed="0" covered="42"/><counter type="BRANCH" missed="0" covered="2"/><counter type="LINE" missed="0" covered="10"/><counter type="COMPLEXITY" missed="0" covered="4"/><counter type="METHOD" missed="0" covered="3"/><counter type="CLASS" missed="0" covered="1"/></class><class name="handist/collections/glb/lifeline/Lifeline" sourcefilename="Lifeline.java"><method name="&lt;init&gt;" desc="(Lhandist/collections/dist/TeamedPlaceGroup;)V" line="44"><counter type="INSTRUCTION" missed="0" covered="31"/><counter type="BRANCH" missed="0" covered="2"/><counter type="LINE" missed="0" covered="7"/><counter type="COMPLEXITY" missed="0" covered="2"/><counter type="METHOD" missed="0" covered="1"/></method><method name="lambda$new$0" desc="(Lapgas/Place;Lapgas/Place;)I" line="51"><counter type="INSTRUCTION" missed="0" covered="6"/><counter type="LINE" missed="0" covered="1"/><counter type="COMPLEXITY" missed="0" covered="1"/><counter type="METHOD" missed="0" covered="1"/></method><counter type="INSTRUCTION" missed="0" covered="37"/><counter type="BRANCH" missed="0" covered="2"/><counter type="LINE" missed="0" covered="8"/><counter type="COMPLEXITY" missed="0" covered="3"/><counter type="METHOD" missed="0" covered="2"/><counter type="CLASS" missed="0" covered="1"/></class><class name="handist/collections/glb/lifeline/Loop" sourcefilename="Loop.java"><method name="&lt;init&gt;" desc="(Lhandist/collections/dist/TeamedPlaceGroup;)V" line="36"><counter type="INSTRUCTION" missed="0" covered="4"/><counter type="LINE" missed="0" covered="2"/><counter type="COMPLEXITY" missed="0" covered="1"/><counter type="METHOD" missed="0" covered="1"/></method><method name="lifeline" desc="(Lapgas/Place;)Ljava/util/List;" line="41"><counter type="INSTRUCTION" missed="1" covered="49"/><counter type="BRANCH" missed="1" covered="3"/><counter type="LINE" missed="0" covered="6"/><counter type="COMPLEXITY" missed="1" covered="2"/><counter type="METHOD" missed="0" covered="1"/></method><method name="reverseLifeline" desc="(Lapgas/Place;)Ljava/util/List;" line="53"><counter type="INSTRUCTION" missed="1" covered="50"/><counter type="BRANCH" missed="1" covered="3"/><counter type="LINE" missed="0" covered="6"/><counter type="COMPLEXITY" missed="1" covered="2"/><counter type="METHOD" missed="0" covered="1"/></method><counter type="INSTRUCTION" missed="2" covered="103"/><counter type="BRANCH" missed="2" covered="6"/><counter type="LINE" missed="0" covered="14"/><counter type="COMPLEXITY" missed="2" covered="5"/><counter type="METHOD" missed="0" covered="3"/><counter type="CLASS" missed="0" covered="1"/></class><class name="handist/collections/glb/lifeline/LifelineFactory" sourcefilename="LifelineFactory.java"><method name="&lt;init&gt;" desc="()V" line="25"><counter type="INSTRUCTION" missed="3" covered="0"/><counter type="LINE" missed="1" covered="0"/><counter type="COMPLEXITY" missed="1" covered="0"/><counter type="METHOD" missed="1" covered="0"/></method><method name="newLifeline" desc="(Lhandist/collections/dist/TeamedPlaceGroup;)Lhandist/collections/glb/lifeline/Lifeline;" line="43"><counter type="INSTRUCTION" missed="0" covered="24"/><counter type="BRANCH" missed="0" covered="2"/><counter type="LINE" missed="0" covered="4"/><counter type="COMPLEXITY" missed="0" covered="2"/><counter type="METHOD" missed="0" covered="1"/></method><method name="newLifeline" desc="(Lhandist/collections/dist/TeamedPlaceGroup;Ljava/lang/Class;)Lhandist/collections/glb/lifeline/Lifeline;" line="63"><counter type="INSTRUCTION" missed="19" covered="0"/><counter type="LINE" missed="2" covered="0"/><counter type="COMPLEXITY" missed="1" covered="0"/><counter type="METHOD" missed="1" covered="0"/></method><method name="&lt;clinit&gt;" desc="()V" line="29"><counter type="INSTRUCTION" missed="0" covered="3"/><counter type="LINE" missed="0" covered="1"/><counter type="COMPLEXITY" missed="0" covered="1"/><counter type="METHOD" missed="0" covered="1"/></method><counter type="INSTRUCTION" missed="22" covered="27"/><counter type="BRANCH" missed="0" covered="2"/><counter type="LINE" missed="3" covered="5"/><counter type="COMPLEXITY" missed="2" covered="3"/><counter type="METHOD" missed="2" covered="2"/><counter type="CLASS" missed="0" covered="1"/></class><class name="handist/collections/glb/lifeline/NoLifeline" sourcefilename="NoLifeline.java"><method name="&lt;init&gt;" desc="(Lhandist/collections/dist/TeamedPlaceGroup;)V" line="31"><counter type="INSTRUCTION" missed="0" covered="4"/><counter type="LINE" missed="0" covered="2"/><counter type="COMPLEXITY" missed="0" covered="1"/><counter type="METHOD" missed="0" covered="1"/></method><method name="lifeline" desc="(Lapgas/Place;)Ljava/util/List;" line="39"><counter type="INSTRUCTION" missed="0" covered="5"/><counter type="LINE" missed="0" covered="1"/><counter type="COMPLEXITY" missed="0" covered="1"/><counter type="METHOD" missed="0" covered="1"/></method><method name="reverseLifeline" desc="(Lapgas/Place;)Ljava/util/List;" line="48"><counter type="INSTRUCTION" missed="5" covered="0"/><counter type="LINE" missed="1" covered="0"/><counter type="COMPLEXITY" missed="1" covered="0"/><counter type="METHOD" missed="1" covered="0"/></method><counter type="INSTRUCTION" missed="5" covered="9"/><counter type="LINE" missed="1" covered="3"/><counter type="COMPLEXITY" missed="1" covered="2"/><counter type="METHOD" missed="1" covered="2"/><counter type="CLASS" missed="0" covered="1"/></class><sourcefile name="Loop.java"><line nr="36" mi="0" ci="3" mb="0" cb="0"/><line nr="37" mi="0" ci="1" mb="0" cb="0"/><line nr="41" mi="0" ci="5" mb="0" cb="0"/><line nr="42" mi="1" ci="18" mb="1" cb="1"/><line nr="44" mi="0" ci="13" mb="0" cb="2"/><line nr="46" mi="0" ci="4" mb="0" cb="0"/><line nr="47" mi="0" ci="7" mb="0" cb="0"/><line nr="48" mi="0" ci="2" mb="0" cb="0"/><line nr="53" mi="0" ci="5" mb="0" cb="0"/><line nr="54" mi="1" ci="18" mb="1" cb="1"/><line nr="56" mi="0" ci="14" mb="0" cb="2"/><line nr="58" mi="0" ci="4" mb="0" cb="0"/><line nr="59" mi="0" ci="7" mb="0" cb="0"/><line nr="60" mi="0" ci="2" mb="0" cb="0"/><counter type="INSTRUCTION" missed="2" covered="103"/><counter type="BRANCH" missed="2" covered="6"/><counter type="LINE" missed="0" covered="14"/><counter type="COMPLEXITY" missed="2" covered="5"/><counter type="METHOD" missed="0" covered="3"/><counter type="CLASS" missed="0" covered="1"/></sourcefile><sourcefile name="NoLifeline.java"><line nr="31" mi="0" ci="3" mb="0" cb="0"/><line nr="32" mi="0" ci="1" mb="0" cb="0"/><line nr="39" mi="0" ci="5" mb="0" cb="0"/><line nr="48" mi="5" ci="0" mb="0" cb="0"/><counter type="INSTRUCTION" missed="5" covered="9"/><counter type="LINE" missed="1" covered="3"/><counter type="COMPLEXITY" missed="1" covered="2"/><counter type="METHOD" missed="1" covered="2"/><counter type="CLASS" missed="0" covered="1"/></sourcefile><sourcefile name="Hypercube.java"><line nr="43" mi="0" ci="3" mb="0" cb="0"/><line nr="44" mi="0" ci="1" mb="0" cb="0"/><line nr="48" mi="0" ci="5" mb="0" cb="0"/><line nr="49" mi="0" ci="4" mb="0" cb="0"/><line nr="51" mi="0" ci="7" mb="0" cb="0"/><line nr="52" mi="0" ci="4" mb="0" cb="0"/><line nr="53" mi="0" ci="5" mb="0" cb="2"/><line nr="54" mi="0" ci="7" mb="0" cb="0"/><line nr="59" mi="0" ci="2" mb="0" cb="0"/><line nr="70" mi="0" ci="4" mb="0" cb="0"/><counter type="INSTRUCTION" missed="0" covered="42"/><counter type="BRANCH" missed="0" covered="2"/><counter type="LINE" missed="0" covered="10"/><counter type="COMPLEXITY" missed="0" covered="4"/><counter type="METHOD" missed="0" covered="3"/><counter type="CLASS" missed="0" covered="1"/></sourcefile><sourcefile name="LifelineFactory.java"><line nr="25" mi="3" ci="0" mb="0" cb="0"/><line nr="29" mi="0" ci="3" mb="0" cb="0"/><line nr="43" mi="0" ci="2" mb="0" cb="2"/><line nr="45" mi="0" ci="3" mb="0" cb="0"/><line nr="46" mi="0" ci="9" mb="0" cb="0"/><line nr="49" mi="0" ci="10" mb="0" cb="0"/><line nr="63" mi="9" ci="0" mb="0" cb="0"/><line nr="64" mi="10" ci="0" mb="0" cb="0"/><counter type="INSTRUCTION" missed="22" covered="27"/><counter type="BRANCH" missed="0" covered="2"/><counter type="LINE" missed="3" covered="5"/><counter type="COMPLEXITY" missed="2" covered="3"/><counter type="METHOD" missed="2" covered="2"/><counter type="CLASS" missed="0" covered="1"/></sourcefile><sourcefile name="Lifeline.java"><line nr="44" mi="0" ci="2" mb="0" cb="0"/><line nr="45" mi="0" ci="7" mb="0" cb="0"/><line nr="46" mi="0" ci="11" mb="0" cb="2"/><line nr="47" mi="0" ci="5" mb="0" cb="0"/><line nr="48" mi="0" ci="1" mb="0" cb="0"/><line nr="50" mi="0" ci="4" mb="0" cb="0"/><line nr="51" mi="0" ci="6" mb="0" cb="0"/><line nr="53" mi="0" ci="1" mb="0" cb="0"/><counter type="INSTRUCTION" missed="0" covered="37"/><counter type="BRANCH" missed="0" covered="2"/><counter type="LINE" missed="0" covered="8"/><counter type="COMPLEXITY" missed="0" covered="3"/><counter type="METHOD" missed="0" covered="2"/><counter type="CLASS" missed="0" covered="1"/></sourcefile><counter type="INSTRUCTION" missed="29" covered="218"/><counter type="BRANCH" missed="2" covered="12"/><counter type="LINE" missed="4" covered="40"/><counter type="COMPLEXITY" missed="5" covered="17"/><counter type="METHOD" missed="3" covered="12"/><counter type="CLASS" missed="0" covered="5"/></package><package name="handist/collections/launcher"><class name="handist/collections/launcher/Launcher" sourcefilename="Launcher.java"><method name="&lt;init&gt;" desc="()V" line="21"><counter type="INSTRUCTION" missed="3" covered="0"/><counter type="LINE" missed="1" covered="0"/><counter type="COMPLEXITY" missed="1" covered="0"/><counter type="METHOD" missed="1" covered="0"/></method><method name="main" desc="([Ljava/lang/String;)V" line="31"><counter type="INSTRUCTION" missed="4" covered="0"/><counter type="LINE" missed="3" covered="0"/><counter type="COMPLEXITY" missed="1" covered="0"/><counter type="METHOD" missed="1" covered="0"/></method><counter type="INSTRUCTION" missed="7" covered="0"/><counter type="LINE" missed="4" covered="0"/><counter type="COMPLEXITY" missed="2" covered="0"/><counter type="METHOD" missed="2" covered="0"/><counter type="CLASS" missed="1" covered="0"/></class><sourcefile name="Launcher.java"><line nr="21" mi="3" ci="0" mb="0" cb="0"/><line nr="31" mi="1" ci="0" mb="0" cb="0"/><line nr="32" mi="2" ci="0" mb="0" cb="0"/><line nr="33" mi="1" ci="0" mb="0" cb="0"/><counter type="INSTRUCTION" missed="7" covered="0"/><counter type="LINE" missed="4" covered="0"/><counter type="COMPLEXITY" missed="2" covered="0"/><counter type="METHOD" missed="2" covered="0"/><counter type="CLASS" missed="1" covered="0"/></sourcefile><counter type="INSTRUCTION" missed="7" covered="0"/><counter type="LINE" missed="4" covered="0"/><counter type="COMPLEXITY" missed="2" covered="0"/><counter type="METHOD" missed="2" covered="0"/><counter type="CLASS" missed="1" covered="0"/></package><counter type="INSTRUCTION" missed="9798" covered="17694"/><counter type="BRANCH" missed="742" covered="1141"/><counter type="LINE" missed="1950" covered="3942"/><counter type="COMPLEXITY" missed="963" covered="1426"/><counter type="METHOD" missed="495" covered="949"/><counter type="CLASS" missed="22" covered="104"/></report>